CRITICAL - 2023-12-17 14:04:08 --> Undefined variable $userModel
in APPPATH\Controllers\ProdukCrud.php on line 40.
 1 APPPATH\Controllers\ProdukCrud.php(40): CodeIgniter\Debug\Exceptions->errorHandler(2, 'Undefined variable $userModel', 'C:\\xampp\\htdocs\\online-shop\\app\\Controllers\\ProdukCrud.php', 40)
 2 SYSTEMPATH\CodeIgniter.php(919): App\Controllers\ProdukCrud->singleProduk('1')
 3 SYSTEMPATH\CodeIgniter.php(494): CodeIgniter\CodeIgniter->runController(Object(App\Controllers\ProdukCrud))
 4 SYSTEMPATH\CodeIgniter.php(353): CodeIgniter\CodeIgniter->handleRequest(null, Object(Config\Cache), false)
 5 FCPATH\index.php(79): CodeIgniter\CodeIgniter->run()
 6 SYSTEMPATH\Commands\Server\rewrite.php(47): require_once('C:\\xampp\\htdocs\\online-shop\\public\\index.php')
CRITICAL - 2023-12-17 14:04:15 --> Undefined variable $userModel
in APPPATH\Controllers\ProdukCrud.php on line 40.
 1 APPPATH\Controllers\ProdukCrud.php(40): CodeIgniter\Debug\Exceptions->errorHandler(2, 'Undefined variable $userModel', 'C:\\xampp\\htdocs\\online-shop\\app\\Controllers\\ProdukCrud.php', 40)
 2 SYSTEMPATH\CodeIgniter.php(919): App\Controllers\ProdukCrud->singleProduk('2')
 3 SYSTEMPATH\CodeIgniter.php(494): CodeIgniter\CodeIgniter->runController(Object(App\Controllers\ProdukCrud))
 4 SYSTEMPATH\CodeIgniter.php(353): CodeIgniter\CodeIgniter->handleRequest(null, Object(Config\Cache), false)
 5 FCPATH\index.php(79): CodeIgniter\CodeIgniter->run()
 6 SYSTEMPATH\Commands\Server\rewrite.php(47): require_once('C:\\xampp\\htdocs\\online-shop\\public\\index.php')
CRITICAL - 2023-12-17 14:04:17 --> Undefined variable $userModel
in APPPATH\Controllers\ProdukCrud.php on line 40.
 1 APPPATH\Controllers\ProdukCrud.php(40): CodeIgniter\Debug\Exceptions->errorHandler(2, 'Undefined variable $userModel', 'C:\\xampp\\htdocs\\online-shop\\app\\Controllers\\ProdukCrud.php', 40)
 2 SYSTEMPATH\CodeIgniter.php(919): App\Controllers\ProdukCrud->singleProduk('3')
 3 SYSTEMPATH\CodeIgniter.php(494): CodeIgniter\CodeIgniter->runController(Object(App\Controllers\ProdukCrud))
 4 SYSTEMPATH\CodeIgniter.php(353): CodeIgniter\CodeIgniter->handleRequest(null, Object(Config\Cache), false)
 5 FCPATH\index.php(79): CodeIgniter\CodeIgniter->run()
 6 SYSTEMPATH\Commands\Server\rewrite.php(47): require_once('C:\\xampp\\htdocs\\online-shop\\public\\index.php')
CRITICAL - 2023-12-17 14:04:27 --> Undefined variable $userModel
in APPPATH\Controllers\ProdukCrud.php on line 40.
 1 APPPATH\Controllers\ProdukCrud.php(40): CodeIgniter\Debug\Exceptions->errorHandler(2, 'Undefined variable $userModel', 'C:\\xampp\\htdocs\\online-shop\\app\\Controllers\\ProdukCrud.php', 40)
 2 SYSTEMPATH\CodeIgniter.php(919): App\Controllers\ProdukCrud->singleProduk('2')
 3 SYSTEMPATH\CodeIgniter.php(494): CodeIgniter\CodeIgniter->runController(Object(App\Controllers\ProdukCrud))
 4 SYSTEMPATH\CodeIgniter.php(353): CodeIgniter\CodeIgniter->handleRequest(null, Object(Config\Cache), false)
 5 FCPATH\index.php(79): CodeIgniter\CodeIgniter->run()
 6 SYSTEMPATH\Commands\Server\rewrite.php(47): require_once('C:\\xampp\\htdocs\\online-shop\\public\\index.php')
CRITICAL - 2023-12-17 14:09:16 --> Undefined variable $userModel
in APPPATH\Controllers\ProdukCrud.php on line 40.
 1 APPPATH\Controllers\ProdukCrud.php(40): CodeIgniter\Debug\Exceptions->errorHandler(2, 'Undefined variable $userModel', 'C:\\xampp\\htdocs\\online-shop\\app\\Controllers\\ProdukCrud.php', 40)
 2 SYSTEMPATH\CodeIgniter.php(919): App\Controllers\ProdukCrud->singleProduk('1')
 3 SYSTEMPATH\CodeIgniter.php(494): CodeIgniter\CodeIgniter->runController(Object(App\Controllers\ProdukCrud))
 4 SYSTEMPATH\CodeIgniter.php(353): CodeIgniter\CodeIgniter->handleRequest(null, Object(Config\Cache), false)
 5 FCPATH\index.php(79): CodeIgniter\CodeIgniter->run()
 6 SYSTEMPATH\Commands\Server\rewrite.php(47): require_once('C:\\xampp\\htdocs\\online-shop\\public\\index.php')
CRITICAL - 2023-12-17 15:23:44 --> Undefined array key "f_gambar"
in APPPATH\Views\home.php on line 96.
 1 APPPATH\Views\home.php(96): CodeIgniter\Debug\Exceptions->errorHandler(2, 'Undefined array key "f_gambar"', 'C:\\xampp\\htdocs\\online-shop\\app\\Views\\home.php', 96)
 2 SYSTEMPATH\View\View.php(226): include('C:\\xampp\\htdocs\\online-shop\\app\\Views\\home.php')
 3 SYSTEMPATH\View\View.php(229): CodeIgniter\View\View->CodeIgniter\View\{closure}()
 4 SYSTEMPATH\Common.php(1188): CodeIgniter\View\View->render('home', [], true)
 5 APPPATH\Controllers\ProdukCrud.php(17): view('home', [...])
 6 SYSTEMPATH\CodeIgniter.php(919): App\Controllers\ProdukCrud->index()
 7 SYSTEMPATH\CodeIgniter.php(494): CodeIgniter\CodeIgniter->runController(Object(App\Controllers\ProdukCrud))
 8 SYSTEMPATH\CodeIgniter.php(353): CodeIgniter\CodeIgniter->handleRequest(null, Object(Config\Cache), false)
 9 FCPATH\index.php(79): CodeIgniter\CodeIgniter->run()
10 SYSTEMPATH\Commands\Server\rewrite.php(47): require_once('C:\\xampp\\htdocs\\online-shop\\public\\index.php')
CRITICAL - 2023-12-17 15:24:16 --> Undefined array key "f_nama"
in APPPATH\Views\home.php on line 100.
 1 APPPATH\Views\home.php(100): CodeIgniter\Debug\Exceptions->errorHandler(2, 'Undefined array key "f_nama"', 'C:\\xampp\\htdocs\\online-shop\\app\\Views\\home.php', 100)
 2 SYSTEMPATH\View\View.php(226): include('C:\\xampp\\htdocs\\online-shop\\app\\Views\\home.php')
 3 SYSTEMPATH\View\View.php(229): CodeIgniter\View\View->CodeIgniter\View\{closure}()
 4 SYSTEMPATH\Common.php(1188): CodeIgniter\View\View->render('home', [], true)
 5 APPPATH\Controllers\ProdukCrud.php(17): view('home', [...])
 6 SYSTEMPATH\CodeIgniter.php(919): App\Controllers\ProdukCrud->index()
 7 SYSTEMPATH\CodeIgniter.php(494): CodeIgniter\CodeIgniter->runController(Object(App\Controllers\ProdukCrud))
 8 SYSTEMPATH\CodeIgniter.php(353): CodeIgniter\CodeIgniter->handleRequest(null, Object(Config\Cache), false)
 9 FCPATH\index.php(79): CodeIgniter\CodeIgniter->run()
10 SYSTEMPATH\Commands\Server\rewrite.php(47): require_once('C:\\xampp\\htdocs\\online-shop\\public\\index.php')
CRITICAL - 2023-12-17 15:24:45 --> Undefined array key "p_sinopsis"
in APPPATH\Views\home.php on line 103.
 1 APPPATH\Views\home.php(103): CodeIgniter\Debug\Exceptions->errorHandler(2, 'Undefined array key "p_sinopsis"', 'C:\\xampp\\htdocs\\online-shop\\app\\Views\\home.php', 103)
 2 SYSTEMPATH\View\View.php(226): include('C:\\xampp\\htdocs\\online-shop\\app\\Views\\home.php')
 3 SYSTEMPATH\View\View.php(229): CodeIgniter\View\View->CodeIgniter\View\{closure}()
 4 SYSTEMPATH\Common.php(1188): CodeIgniter\View\View->render('home', [], true)
 5 APPPATH\Controllers\ProdukCrud.php(17): view('home', [...])
 6 SYSTEMPATH\CodeIgniter.php(919): App\Controllers\ProdukCrud->index()
 7 SYSTEMPATH\CodeIgniter.php(494): CodeIgniter\CodeIgniter->runController(Object(App\Controllers\ProdukCrud))
 8 SYSTEMPATH\CodeIgniter.php(353): CodeIgniter\CodeIgniter->handleRequest(null, Object(Config\Cache), false)
 9 FCPATH\index.php(79): CodeIgniter\CodeIgniter->run()
10 SYSTEMPATH\Commands\Server\rewrite.php(47): require_once('C:\\xampp\\htdocs\\online-shop\\public\\index.php')
CRITICAL - 2023-12-17 15:56:23 --> Undefined array key "f_nama"
in APPPATH\Views\confirmation.php on line 118.
 1 APPPATH\Views\confirmation.php(118): CodeIgniter\Debug\Exceptions->errorHandler(2, 'Undefined array key "f_nama"', 'C:\\xampp\\htdocs\\online-shop\\app\\Views\\confirmation.php', 118)
 2 SYSTEMPATH\View\View.php(226): include('C:\\xampp\\htdocs\\online-shop\\app\\Views\\confirmation.php')
 3 SYSTEMPATH\View\View.php(229): CodeIgniter\View\View->CodeIgniter\View\{closure}()
 4 SYSTEMPATH\Common.php(1188): CodeIgniter\View\View->render('confirmation', [], true)
 5 APPPATH\Controllers\ProdukCrud.php(68): view('confirmation', [...])
 6 SYSTEMPATH\CodeIgniter.php(919): App\Controllers\ProdukCrud->confirmation()
 7 SYSTEMPATH\CodeIgniter.php(494): CodeIgniter\CodeIgniter->runController(Object(App\Controllers\ProdukCrud))
 8 SYSTEMPATH\CodeIgniter.php(353): CodeIgniter\CodeIgniter->handleRequest(null, Object(Config\Cache), false)
 9 FCPATH\index.php(79): CodeIgniter\CodeIgniter->run()
10 SYSTEMPATH\Commands\Server\rewrite.php(47): require_once('C:\\xampp\\htdocs\\online-shop\\public\\index.php')
CRITICAL - 2023-12-17 15:56:58 --> Undefined array key "f_nama"
in APPPATH\Views\confirmation.php on line 118.
 1 APPPATH\Views\confirmation.php(118): CodeIgniter\Debug\Exceptions->errorHandler(2, 'Undefined array key "f_nama"', 'C:\\xampp\\htdocs\\online-shop\\app\\Views\\confirmation.php', 118)
 2 SYSTEMPATH\View\View.php(226): include('C:\\xampp\\htdocs\\online-shop\\app\\Views\\confirmation.php')
 3 SYSTEMPATH\View\View.php(229): CodeIgniter\View\View->CodeIgniter\View\{closure}()
 4 SYSTEMPATH\Common.php(1188): CodeIgniter\View\View->render('confirmation', [], true)
 5 APPPATH\Controllers\ProdukCrud.php(68): view('confirmation', [...])
 6 SYSTEMPATH\CodeIgniter.php(919): App\Controllers\ProdukCrud->confirmation()
 7 SYSTEMPATH\CodeIgniter.php(494): CodeIgniter\CodeIgniter->runController(Object(App\Controllers\ProdukCrud))
 8 SYSTEMPATH\CodeIgniter.php(353): CodeIgniter\CodeIgniter->handleRequest(null, Object(Config\Cache), false)
 9 FCPATH\index.php(79): CodeIgniter\CodeIgniter->run()
10 SYSTEMPATH\Commands\Server\rewrite.php(47): require_once('C:\\xampp\\htdocs\\online-shop\\public\\index.php')
CRITICAL - 2023-12-17 15:57:00 --> Undefined array key "f_nama"
in APPPATH\Views\confirmation.php on line 118.
 1 APPPATH\Views\confirmation.php(118): CodeIgniter\Debug\Exceptions->errorHandler(2, 'Undefined array key "f_nama"', 'C:\\xampp\\htdocs\\online-shop\\app\\Views\\confirmation.php', 118)
 2 SYSTEMPATH\View\View.php(226): include('C:\\xampp\\htdocs\\online-shop\\app\\Views\\confirmation.php')
 3 SYSTEMPATH\View\View.php(229): CodeIgniter\View\View->CodeIgniter\View\{closure}()
 4 SYSTEMPATH\Common.php(1188): CodeIgniter\View\View->render('confirmation', [], true)
 5 APPPATH\Controllers\ProdukCrud.php(68): view('confirmation', [...])
 6 SYSTEMPATH\CodeIgniter.php(919): App\Controllers\ProdukCrud->confirmation()
 7 SYSTEMPATH\CodeIgniter.php(494): CodeIgniter\CodeIgniter->runController(Object(App\Controllers\ProdukCrud))
 8 SYSTEMPATH\CodeIgniter.php(353): CodeIgniter\CodeIgniter->handleRequest(null, Object(Config\Cache), false)
 9 FCPATH\index.php(79): CodeIgniter\CodeIgniter->run()
10 SYSTEMPATH\Commands\Server\rewrite.php(47): require_once('C:\\xampp\\htdocs\\online-shop\\public\\index.php')
CRITICAL - 2023-12-17 16:03:38 --> Invalid file: "history.php"
in SYSTEMPATH\Exceptions\FrameworkException.php on line 39.
 1 SYSTEMPATH\View\View.php(214): CodeIgniter\Exceptions\FrameworkException::forInvalidFile('history.php')
 2 SYSTEMPATH\Common.php(1188): CodeIgniter\View\View->render('history', [], true)
 3 APPPATH\Controllers\CheckoutController.php(25): view('history')
 4 SYSTEMPATH\CodeIgniter.php(919): App\Controllers\CheckoutController->history()
 5 SYSTEMPATH\CodeIgniter.php(494): CodeIgniter\CodeIgniter->runController(Object(App\Controllers\CheckoutController))
 6 SYSTEMPATH\CodeIgniter.php(353): CodeIgniter\CodeIgniter->handleRequest(null, Object(Config\Cache), false)
 7 FCPATH\index.php(79): CodeIgniter\CodeIgniter->run()
 8 SYSTEMPATH\Commands\Server\rewrite.php(47): require_once('C:\\xampp\\htdocs\\online-shop\\public\\index.php')
