CRITICAL - 2023-11-29 10:00:20 --> Cannot redeclare generateRandomCode() (previously declared in C:\xampp\htdocs\voughtcinema5\app\Views\myticket2.php:67)
in APPPATH\Views\myticket2.php on line 66.
 1 [internal function]: CodeIgniter\Debug\Exceptions->shutdownHandler()
CRITICAL - 2023-11-29 10:00:39 --> Call to undefined function generateRandomCode()
in APPPATH\Views\myticket2.php on line 62.
 1 SYSTEMPATH\View\View.php(226): include()
 2 SYSTEMPATH\View\View.php(229): CodeIgniter\View\View->CodeIgniter\View\{closure}()
 3 SYSTEMPATH\Common.php(1188): CodeIgniter\View\View->render('myticket2', [], true)
 4 APPPATH\Controllers\MyTicketController.php(27): view('myticket2', [...])
 5 SYSTEMPATH\CodeIgniter.php(919): App\Controllers\MyTicketController->myticket2()
 6 SYSTEMPATH\CodeIgniter.php(494): CodeIgniter\CodeIgniter->runController(Object(App\Controllers\MyTicketController))
 7 SYSTEMPATH\CodeIgniter.php(353): CodeIgniter\CodeIgniter->handleRequest(null, Object(Config\Cache), false)
 8 FCPATH\index.php(79): CodeIgniter\CodeIgniter->run()
 9 SYSTEMPATH\Commands\Server\rewrite.php(47): require_once('C:\\xampp\\htdocs\\voughtcinema5\\public\\index.php')
CRITICAL - 2023-11-29 10:34:41 --> Undefined array key "t_jamtayang"
in APPPATH\Views\myticket.php on line 65.
 1 APPPATH\Views\myticket.php(65): CodeIgniter\Debug\Exceptions->errorHandler(2, 'Undefined array key "t_jamtayang"', 'C:\\xampp\\htdocs\\voughtcinema5\\app\\Views\\myticket.php', 65)
 2 SYSTEMPATH\View\View.php(226): include('C:\\xampp\\htdocs\\voughtcinema5\\app\\Views\\myticket.php')
 3 SYSTEMPATH\View\View.php(229): CodeIgniter\View\View->CodeIgniter\View\{closure}()
 4 SYSTEMPATH\Common.php(1188): CodeIgniter\View\View->render('myticket', [], true)
 5 APPPATH\Controllers\UserCrud.php(84): view('myticket', [...])
 6 SYSTEMPATH\CodeIgniter.php(919): App\Controllers\UserCrud->myticket()
 7 SYSTEMPATH\CodeIgniter.php(494): CodeIgniter\CodeIgniter->runController(Object(App\Controllers\UserCrud))
 8 SYSTEMPATH\CodeIgniter.php(353): CodeIgniter\CodeIgniter->handleRequest(null, Object(Config\Cache), false)
 9 FCPATH\index.php(79): CodeIgniter\CodeIgniter->run()
10 SYSTEMPATH\Commands\Server\rewrite.php(47): require_once('C:\\xampp\\htdocs\\voughtcinema5\\public\\index.php')
CRITICAL - 2023-11-29 10:35:11 --> Undefined array key "t_jamtayang"
in APPPATH\Views\myticket.php on line 65.
 1 APPPATH\Views\myticket.php(65): CodeIgniter\Debug\Exceptions->errorHandler(2, 'Undefined array key "t_jamtayang"', 'C:\\xampp\\htdocs\\voughtcinema5\\app\\Views\\myticket.php', 65)
 2 SYSTEMPATH\View\View.php(226): include('C:\\xampp\\htdocs\\voughtcinema5\\app\\Views\\myticket.php')
 3 SYSTEMPATH\View\View.php(229): CodeIgniter\View\View->CodeIgniter\View\{closure}()
 4 SYSTEMPATH\Common.php(1188): CodeIgniter\View\View->render('myticket', [], true)
 5 APPPATH\Controllers\UserCrud.php(84): view('myticket', [...])
 6 SYSTEMPATH\CodeIgniter.php(919): App\Controllers\UserCrud->myticket()
 7 SYSTEMPATH\CodeIgniter.php(494): CodeIgniter\CodeIgniter->runController(Object(App\Controllers\UserCrud))
 8 SYSTEMPATH\CodeIgniter.php(353): CodeIgniter\CodeIgniter->handleRequest(null, Object(Config\Cache), false)
 9 FCPATH\index.php(79): CodeIgniter\CodeIgniter->run()
10 SYSTEMPATH\Commands\Server\rewrite.php(47): require_once('C:\\xampp\\htdocs\\voughtcinema5\\public\\index.php')
CRITICAL - 2023-11-29 10:37:33 --> Invalid file: "myticket2.php"
in SYSTEMPATH\Exceptions\FrameworkException.php on line 39.
 1 SYSTEMPATH\View\View.php(214): CodeIgniter\Exceptions\FrameworkException::forInvalidFile('myticket2.php')
 2 SYSTEMPATH\Common.php(1188): CodeIgniter\View\View->render('myticket2', [], true)
 3 APPPATH\Controllers\MyTicketController.php(27): view('myticket2', [...])
 4 SYSTEMPATH\CodeIgniter.php(919): App\Controllers\MyTicketController->myticket2()
 5 SYSTEMPATH\CodeIgniter.php(494): CodeIgniter\CodeIgniter->runController(Object(App\Controllers\MyTicketController))
 6 SYSTEMPATH\CodeIgniter.php(353): CodeIgniter\CodeIgniter->handleRequest(null, Object(Config\Cache), false)
 7 FCPATH\index.php(79): CodeIgniter\CodeIgniter->run()
 8 SYSTEMPATH\Commands\Server\rewrite.php(47): require_once('C:\\xampp\\htdocs\\voughtcinema5\\public\\index.php')
