CRITICAL - 2023-12-18 06:26:44 --> Undefined variable $users
in APPPATH\Views\history_list.php on line 63.
 1 APPPATH\Views\history_list.php(63): CodeIgniter\Debug\Exceptions->errorHandler(2, 'Undefined variable $users', 'E:\\CODING\\Laragon\\www\\online-shop2\\app\\Views\\history_list.php', 63)
 2 SYSTEMPATH\View\View.php(226): include('E:\\CODING\\Laragon\\www\\online-shop2\\app\\Views\\history_list.php')
 3 SYSTEMPATH\View\View.php(229): CodeIgniter\View\View->CodeIgniter\View\{closure}()
 4 SYSTEMPATH\Common.php(1188): CodeIgniter\View\View->render('history_list', [], true)
 5 APPPATH\Controllers\CheckoutController.php(30): view('history_list')
 6 SYSTEMPATH\CodeIgniter.php(919): App\Controllers\CheckoutController->history()
 7 SYSTEMPATH\CodeIgniter.php(494): CodeIgniter\CodeIgniter->runController(Object(App\Controllers\CheckoutController))
 8 SYSTEMPATH\CodeIgniter.php(353): CodeIgniter\CodeIgniter->handleRequest(null, Object(Config\Cache), false)
 9 FCPATH\index.php(79): CodeIgniter\CodeIgniter->run()
10 SYSTEMPATH\Commands\Server\rewrite.php(47): require_once('E:\\CODING\\Laragon\\www\\online-shop2\\public\\index.php')
CRITICAL - 2023-12-18 06:55:01 --> Invalid file: "history.php"
in SYSTEMPATH\Exceptions\FrameworkException.php on line 39.
 1 SYSTEMPATH\View\View.php(214): CodeIgniter\Exceptions\FrameworkException::forInvalidFile('history.php')
 2 SYSTEMPATH\Common.php(1188): CodeIgniter\View\View->render('history', [], true)
 3 APPPATH\Controllers\DetailController.php(29): view('history', [...])
 4 SYSTEMPATH\CodeIgniter.php(919): App\Controllers\DetailController->history()
 5 SYSTEMPATH\CodeIgniter.php(494): CodeIgniter\CodeIgniter->runController(Object(App\Controllers\DetailController))
 6 SYSTEMPATH\CodeIgniter.php(353): CodeIgniter\CodeIgniter->handleRequest(null, Object(Config\Cache), false)
 7 FCPATH\index.php(79): CodeIgniter\CodeIgniter->run()
 8 SYSTEMPATH\Commands\Server\rewrite.php(47): require_once('E:\\CODING\\Laragon\\www\\online-shop2\\public\\index.php')
CRITICAL - 2023-12-18 06:55:22 --> Undefined array key "c_warna"
in APPPATH\Views\history.php on line 80.
 1 APPPATH\Views\history.php(80): CodeIgniter\Debug\Exceptions->errorHandler(2, 'Undefined array key "c_warna"', 'E:\\CODING\\Laragon\\www\\online-shop2\\app\\Views\\history.php', 80)
 2 SYSTEMPATH\View\View.php(226): include('E:\\CODING\\Laragon\\www\\online-shop2\\app\\Views\\history.php')
 3 SYSTEMPATH\View\View.php(229): CodeIgniter\View\View->CodeIgniter\View\{closure}()
 4 SYSTEMPATH\Common.php(1188): CodeIgniter\View\View->render('history', [], true)
 5 APPPATH\Controllers\DetailController.php(29): view('history', [...])
 6 SYSTEMPATH\CodeIgniter.php(919): App\Controllers\DetailController->history()
 7 SYSTEMPATH\CodeIgniter.php(494): CodeIgniter\CodeIgniter->runController(Object(App\Controllers\DetailController))
 8 SYSTEMPATH\CodeIgniter.php(353): CodeIgniter\CodeIgniter->handleRequest(null, Object(Config\Cache), false)
 9 FCPATH\index.php(79): CodeIgniter\CodeIgniter->run()
10 SYSTEMPATH\Commands\Server\rewrite.php(47): require_once('E:\\CODING\\Laragon\\www\\online-shop2\\public\\index.php')
CRITICAL - 2023-12-18 06:55:24 --> Undefined array key "c_warna"
in APPPATH\Views\history.php on line 80.
 1 APPPATH\Views\history.php(80): CodeIgniter\Debug\Exceptions->errorHandler(2, 'Undefined array key "c_warna"', 'E:\\CODING\\Laragon\\www\\online-shop2\\app\\Views\\history.php', 80)
 2 SYSTEMPATH\View\View.php(226): include('E:\\CODING\\Laragon\\www\\online-shop2\\app\\Views\\history.php')
 3 SYSTEMPATH\View\View.php(229): CodeIgniter\View\View->CodeIgniter\View\{closure}()
 4 SYSTEMPATH\Common.php(1188): CodeIgniter\View\View->render('history', [], true)
 5 APPPATH\Controllers\DetailController.php(29): view('history', [...])
 6 SYSTEMPATH\CodeIgniter.php(919): App\Controllers\DetailController->history()
 7 SYSTEMPATH\CodeIgniter.php(494): CodeIgniter\CodeIgniter->runController(Object(App\Controllers\DetailController))
 8 SYSTEMPATH\CodeIgniter.php(353): CodeIgniter\CodeIgniter->handleRequest(null, Object(Config\Cache), false)
 9 FCPATH\index.php(79): CodeIgniter\CodeIgniter->run()
10 SYSTEMPATH\Commands\Server\rewrite.php(47): require_once('E:\\CODING\\Laragon\\www\\online-shop2\\public\\index.php')
CRITICAL - 2023-12-18 06:57:08 --> Undefined array key "c_ukuran"
in APPPATH\Views\history.php on line 81.
 1 APPPATH\Views\history.php(81): CodeIgniter\Debug\Exceptions->errorHandler(2, 'Undefined array key "c_ukuran"', 'E:\\CODING\\Laragon\\www\\online-shop2\\app\\Views\\history.php', 81)
 2 SYSTEMPATH\View\View.php(226): include('E:\\CODING\\Laragon\\www\\online-shop2\\app\\Views\\history.php')
 3 SYSTEMPATH\View\View.php(229): CodeIgniter\View\View->CodeIgniter\View\{closure}()
 4 SYSTEMPATH\Common.php(1188): CodeIgniter\View\View->render('history', [], true)
 5 APPPATH\Controllers\DetailController.php(29): view('history', [...])
 6 SYSTEMPATH\CodeIgniter.php(919): App\Controllers\DetailController->history()
 7 SYSTEMPATH\CodeIgniter.php(494): CodeIgniter\CodeIgniter->runController(Object(App\Controllers\DetailController))
 8 SYSTEMPATH\CodeIgniter.php(353): CodeIgniter\CodeIgniter->handleRequest(null, Object(Config\Cache), false)
 9 FCPATH\index.php(79): CodeIgniter\CodeIgniter->run()
10 SYSTEMPATH\Commands\Server\rewrite.php(47): require_once('E:\\CODING\\Laragon\\www\\online-shop2\\public\\index.php')
ERROR - 2023-12-18 06:57:41 --> mysqli_sql_exception: Unknown column 'c_warna' in 'field list' in E:\CODING\Laragon\www\online-shop2\system\Database\MySQLi\Connection.php:306
Stack trace:
#0 E:\CODING\Laragon\www\online-shop2\system\Database\MySQLi\Connection.php(306): mysqli->query('INSERT INTO `ch...', 0)
#1 E:\CODING\Laragon\www\online-shop2\system\Database\BaseConnection.php(692): CodeIgniter\Database\MySQLi\Connection->execute('INSERT INTO `ch...')
#2 E:\CODING\Laragon\www\online-shop2\system\Database\BaseConnection.php(606): CodeIgniter\Database\BaseConnection->simpleQuery('INSERT INTO `ch...')
#3 E:\CODING\Laragon\www\online-shop2\system\Database\BaseBuilder.php(2308): CodeIgniter\Database\BaseConnection->query('INSERT INTO `ch...', Array, false)
#4 E:\CODING\Laragon\www\online-shop2\system\Model.php(319): CodeIgniter\Database\BaseBuilder->insert()
#5 E:\CODING\Laragon\www\online-shop2\system\BaseModel.php(788): CodeIgniter\Model->doInsert(Array)
#6 E:\CODING\Laragon\www\online-shop2\system\Model.php(715): CodeIgniter\BaseModel->insert(Array, true)
#7 E:\CODING\Laragon\www\online-shop2\app\Controllers\CheckoutController.php(25): CodeIgniter\Model->insert(Array)
#8 E:\CODING\Laragon\www\online-shop2\system\CodeIgniter.php(919): App\Controllers\CheckoutController->store()
#9 E:\CODING\Laragon\www\online-shop2\system\CodeIgniter.php(494): CodeIgniter\CodeIgniter->runController(Object(App\Controllers\CheckoutController))
#10 E:\CODING\Laragon\www\online-shop2\system\CodeIgniter.php(353): CodeIgniter\CodeIgniter->handleRequest(NULL, Object(Config\Cache), false)
#11 E:\CODING\Laragon\www\online-shop2\public\index.php(79): CodeIgniter\CodeIgniter->run()
#12 E:\CODING\Laragon\www\online-shop2\system\Commands\Server\rewrite.php(47): require_once('E:\\CODING\\Larag...')
#13 {main}
CRITICAL - 2023-12-18 07:03:41 --> Undefined array key "c_warna"
in APPPATH\Views\history_list.php on line 80.
 1 APPPATH\Views\history_list.php(80): CodeIgniter\Debug\Exceptions->errorHandler(2, 'Undefined array key "c_warna"', 'E:\\CODING\\Laragon\\www\\online-shop2\\app\\Views\\history_list.php', 80)
 2 SYSTEMPATH\View\View.php(226): include('E:\\CODING\\Laragon\\www\\online-shop2\\app\\Views\\history_list.php')
 3 SYSTEMPATH\View\View.php(229): CodeIgniter\View\View->CodeIgniter\View\{closure}()
 4 SYSTEMPATH\Common.php(1188): CodeIgniter\View\View->render('history_list', [], true)
 5 APPPATH\Controllers\DetailController.php(29): view('history_list', [...])
 6 SYSTEMPATH\CodeIgniter.php(919): App\Controllers\DetailController->history()
 7 SYSTEMPATH\CodeIgniter.php(494): CodeIgniter\CodeIgniter->runController(Object(App\Controllers\DetailController))
 8 SYSTEMPATH\CodeIgniter.php(353): CodeIgniter\CodeIgniter->handleRequest(null, Object(Config\Cache), false)
 9 FCPATH\index.php(79): CodeIgniter\CodeIgniter->run()
10 SYSTEMPATH\Commands\Server\rewrite.php(47): require_once('E:\\CODING\\Laragon\\www\\online-shop2\\public\\index.php')
CRITICAL - 2023-12-18 07:41:19 --> Undefined array key "c_warna"
in APPPATH\Views\history_list.php on line 80.
 1 APPPATH\Views\history_list.php(80): CodeIgniter\Debug\Exceptions->errorHandler(2, 'Undefined array key "c_warna"', 'C:\\xampp\\htdocs\\online-shop2\\online-shop2\\app\\Views\\history_list.php', 80)
 2 SYSTEMPATH\View\View.php(226): include('C:\\xampp\\htdocs\\online-shop2\\online-shop2\\app\\Views\\history_list.php')
 3 SYSTEMPATH\View\View.php(229): CodeIgniter\View\View->CodeIgniter\View\{closure}()
 4 SYSTEMPATH\Common.php(1188): CodeIgniter\View\View->render('history_list', [], true)
 5 APPPATH\Controllers\DetailController.php(29): view('history_list', [...])
 6 SYSTEMPATH\CodeIgniter.php(919): App\Controllers\DetailController->history()
 7 SYSTEMPATH\CodeIgniter.php(494): CodeIgniter\CodeIgniter->runController(Object(App\Controllers\DetailController))
 8 SYSTEMPATH\CodeIgniter.php(353): CodeIgniter\CodeIgniter->handleRequest(null, Object(Config\Cache), false)
 9 FCPATH\index.php(79): CodeIgniter\CodeIgniter->run()
10 SYSTEMPATH\Commands\Server\rewrite.php(47): require_once('C:\\xampp\\htdocs\\online-shop2\\online-shop2\\public\\index.php')
CRITICAL - 2023-12-18 07:43:28 --> Undefined array key "c_warna"
in APPPATH\Views\history_list.php on line 80.
 1 APPPATH\Views\history_list.php(80): CodeIgniter\Debug\Exceptions->errorHandler(2, 'Undefined array key "c_warna"', 'C:\\xampp\\htdocs\\online-shop2\\online-shop2\\app\\Views\\history_list.php', 80)
 2 SYSTEMPATH\View\View.php(226): include('C:\\xampp\\htdocs\\online-shop2\\online-shop2\\app\\Views\\history_list.php')
 3 SYSTEMPATH\View\View.php(229): CodeIgniter\View\View->CodeIgniter\View\{closure}()
 4 SYSTEMPATH\Common.php(1188): CodeIgniter\View\View->render('history_list', [], true)
 5 APPPATH\Controllers\DetailController.php(29): view('history_list', [...])
 6 SYSTEMPATH\CodeIgniter.php(919): App\Controllers\DetailController->history()
 7 SYSTEMPATH\CodeIgniter.php(494): CodeIgniter\CodeIgniter->runController(Object(App\Controllers\DetailController))
 8 SYSTEMPATH\CodeIgniter.php(353): CodeIgniter\CodeIgniter->handleRequest(null, Object(Config\Cache), false)
 9 FCPATH\index.php(79): CodeIgniter\CodeIgniter->run()
10 SYSTEMPATH\Commands\Server\rewrite.php(47): require_once('C:\\xampp\\htdocs\\online-shop2\\online-shop2\\public\\index.php')
CRITICAL - 2023-12-18 07:45:52 --> Undefined array key "c_warna"
in APPPATH\Views\history_list.php on line 80.
 1 APPPATH\Views\history_list.php(80): CodeIgniter\Debug\Exceptions->errorHandler(2, 'Undefined array key "c_warna"', 'C:\\xampp\\htdocs\\online-shop2\\online-shop2\\app\\Views\\history_list.php', 80)
 2 SYSTEMPATH\View\View.php(226): include('C:\\xampp\\htdocs\\online-shop2\\online-shop2\\app\\Views\\history_list.php')
 3 SYSTEMPATH\View\View.php(229): CodeIgniter\View\View->CodeIgniter\View\{closure}()
 4 SYSTEMPATH\Common.php(1188): CodeIgniter\View\View->render('history_list', [], true)
 5 APPPATH\Controllers\DetailController.php(29): view('history_list', [...])
 6 SYSTEMPATH\CodeIgniter.php(919): App\Controllers\DetailController->history()
 7 SYSTEMPATH\CodeIgniter.php(494): CodeIgniter\CodeIgniter->runController(Object(App\Controllers\DetailController))
 8 SYSTEMPATH\CodeIgniter.php(353): CodeIgniter\CodeIgniter->handleRequest(null, Object(Config\Cache), false)
 9 FCPATH\index.php(79): CodeIgniter\CodeIgniter->run()
10 SYSTEMPATH\Commands\Server\rewrite.php(47): require_once('C:\\xampp\\htdocs\\online-shop2\\online-shop2\\public\\index.php')
CRITICAL - 2023-12-18 07:48:41 --> Undefined array key "c_warna"
in APPPATH\Views\history_list.php on line 80.
 1 APPPATH\Views\history_list.php(80): CodeIgniter\Debug\Exceptions->errorHandler(2, 'Undefined array key "c_warna"', 'C:\\xampp\\htdocs\\online-shop2\\online-shop2\\app\\Views\\history_list.php', 80)
 2 SYSTEMPATH\View\View.php(226): include('C:\\xampp\\htdocs\\online-shop2\\online-shop2\\app\\Views\\history_list.php')
 3 SYSTEMPATH\View\View.php(229): CodeIgniter\View\View->CodeIgniter\View\{closure}()
 4 SYSTEMPATH\Common.php(1188): CodeIgniter\View\View->render('history_list', [], true)
 5 APPPATH\Controllers\DetailController.php(29): view('history_list', [...])
 6 SYSTEMPATH\CodeIgniter.php(919): App\Controllers\DetailController->history()
 7 SYSTEMPATH\CodeIgniter.php(494): CodeIgniter\CodeIgniter->runController(Object(App\Controllers\DetailController))
 8 SYSTEMPATH\CodeIgniter.php(353): CodeIgniter\CodeIgniter->handleRequest(null, Object(Config\Cache), false)
 9 FCPATH\index.php(79): CodeIgniter\CodeIgniter->run()
10 SYSTEMPATH\Commands\Server\rewrite.php(47): require_once('C:\\xampp\\htdocs\\online-shop2\\online-shop2\\public\\index.php')
CRITICAL - 2023-12-18 07:48:42 --> Undefined array key "c_warna"
in APPPATH\Views\history_list.php on line 80.
 1 APPPATH\Views\history_list.php(80): CodeIgniter\Debug\Exceptions->errorHandler(2, 'Undefined array key "c_warna"', 'C:\\xampp\\htdocs\\online-shop2\\online-shop2\\app\\Views\\history_list.php', 80)
 2 SYSTEMPATH\View\View.php(226): include('C:\\xampp\\htdocs\\online-shop2\\online-shop2\\app\\Views\\history_list.php')
 3 SYSTEMPATH\View\View.php(229): CodeIgniter\View\View->CodeIgniter\View\{closure}()
 4 SYSTEMPATH\Common.php(1188): CodeIgniter\View\View->render('history_list', [], true)
 5 APPPATH\Controllers\DetailController.php(29): view('history_list', [...])
 6 SYSTEMPATH\CodeIgniter.php(919): App\Controllers\DetailController->history()
 7 SYSTEMPATH\CodeIgniter.php(494): CodeIgniter\CodeIgniter->runController(Object(App\Controllers\DetailController))
 8 SYSTEMPATH\CodeIgniter.php(353): CodeIgniter\CodeIgniter->handleRequest(null, Object(Config\Cache), false)
 9 FCPATH\index.php(79): CodeIgniter\CodeIgniter->run()
10 SYSTEMPATH\Commands\Server\rewrite.php(47): require_once('C:\\xampp\\htdocs\\online-shop2\\online-shop2\\public\\index.php')
CRITICAL - 2023-12-18 07:48:43 --> Undefined array key "c_warna"
in APPPATH\Views\history_list.php on line 80.
 1 APPPATH\Views\history_list.php(80): CodeIgniter\Debug\Exceptions->errorHandler(2, 'Undefined array key "c_warna"', 'C:\\xampp\\htdocs\\online-shop2\\online-shop2\\app\\Views\\history_list.php', 80)
 2 SYSTEMPATH\View\View.php(226): include('C:\\xampp\\htdocs\\online-shop2\\online-shop2\\app\\Views\\history_list.php')
 3 SYSTEMPATH\View\View.php(229): CodeIgniter\View\View->CodeIgniter\View\{closure}()
 4 SYSTEMPATH\Common.php(1188): CodeIgniter\View\View->render('history_list', [], true)
 5 APPPATH\Controllers\DetailController.php(29): view('history_list', [...])
 6 SYSTEMPATH\CodeIgniter.php(919): App\Controllers\DetailController->history()
 7 SYSTEMPATH\CodeIgniter.php(494): CodeIgniter\CodeIgniter->runController(Object(App\Controllers\DetailController))
 8 SYSTEMPATH\CodeIgniter.php(353): CodeIgniter\CodeIgniter->handleRequest(null, Object(Config\Cache), false)
 9 FCPATH\index.php(79): CodeIgniter\CodeIgniter->run()
10 SYSTEMPATH\Commands\Server\rewrite.php(47): require_once('C:\\xampp\\htdocs\\online-shop2\\online-shop2\\public\\index.php')
CRITICAL - 2023-12-18 07:49:50 --> Undefined array key "c_warna"
in APPPATH\Views\history_list.php on line 80.
 1 APPPATH\Views\history_list.php(80): CodeIgniter\Debug\Exceptions->errorHandler(2, 'Undefined array key "c_warna"', 'C:\\xampp\\htdocs\\online-shop2\\online-shop2\\app\\Views\\history_list.php', 80)
 2 SYSTEMPATH\View\View.php(226): include('C:\\xampp\\htdocs\\online-shop2\\online-shop2\\app\\Views\\history_list.php')
 3 SYSTEMPATH\View\View.php(229): CodeIgniter\View\View->CodeIgniter\View\{closure}()
 4 SYSTEMPATH\Common.php(1188): CodeIgniter\View\View->render('history_list', [], true)
 5 APPPATH\Controllers\DetailController.php(29): view('history_list', [...])
 6 SYSTEMPATH\CodeIgniter.php(919): App\Controllers\DetailController->history()
 7 SYSTEMPATH\CodeIgniter.php(494): CodeIgniter\CodeIgniter->runController(Object(App\Controllers\DetailController))
 8 SYSTEMPATH\CodeIgniter.php(353): CodeIgniter\CodeIgniter->handleRequest(null, Object(Config\Cache), false)
 9 FCPATH\index.php(79): CodeIgniter\CodeIgniter->run()
10 SYSTEMPATH\Commands\Server\rewrite.php(47): require_once('C:\\xampp\\htdocs\\online-shop2\\online-shop2\\public\\index.php')
CRITICAL - 2023-12-18 07:50:40 --> Undefined array key "c_warna"
in APPPATH\Views\history_list.php on line 80.
 1 APPPATH\Views\history_list.php(80): CodeIgniter\Debug\Exceptions->errorHandler(2, 'Undefined array key "c_warna"', 'C:\\xampp\\htdocs\\online-shop2\\online-shop2\\app\\Views\\history_list.php', 80)
 2 SYSTEMPATH\View\View.php(226): include('C:\\xampp\\htdocs\\online-shop2\\online-shop2\\app\\Views\\history_list.php')
 3 SYSTEMPATH\View\View.php(229): CodeIgniter\View\View->CodeIgniter\View\{closure}()
 4 SYSTEMPATH\Common.php(1188): CodeIgniter\View\View->render('history_list', [], true)
 5 APPPATH\Controllers\DetailController.php(29): view('history_list', [...])
 6 SYSTEMPATH\CodeIgniter.php(919): App\Controllers\DetailController->history()
 7 SYSTEMPATH\CodeIgniter.php(494): CodeIgniter\CodeIgniter->runController(Object(App\Controllers\DetailController))
 8 SYSTEMPATH\CodeIgniter.php(353): CodeIgniter\CodeIgniter->handleRequest(null, Object(Config\Cache), false)
 9 FCPATH\index.php(79): CodeIgniter\CodeIgniter->run()
10 SYSTEMPATH\Commands\Server\rewrite.php(47): require_once('C:\\xampp\\htdocs\\online-shop2\\online-shop2\\public\\index.php')
CRITICAL - 2023-12-18 07:51:24 --> Undefined array key "c_warna"
in APPPATH\Views\history_list.php on line 80.
 1 APPPATH\Views\history_list.php(80): CodeIgniter\Debug\Exceptions->errorHandler(2, 'Undefined array key "c_warna"', 'C:\\xampp\\htdocs\\online-shop2\\online-shop2\\app\\Views\\history_list.php', 80)
 2 SYSTEMPATH\View\View.php(226): include('C:\\xampp\\htdocs\\online-shop2\\online-shop2\\app\\Views\\history_list.php')
 3 SYSTEMPATH\View\View.php(229): CodeIgniter\View\View->CodeIgniter\View\{closure}()
 4 SYSTEMPATH\Common.php(1188): CodeIgniter\View\View->render('history_list', [], true)
 5 APPPATH\Controllers\DetailController.php(29): view('history_list', [...])
 6 SYSTEMPATH\CodeIgniter.php(919): App\Controllers\DetailController->history()
 7 SYSTEMPATH\CodeIgniter.php(494): CodeIgniter\CodeIgniter->runController(Object(App\Controllers\DetailController))
 8 SYSTEMPATH\CodeIgniter.php(353): CodeIgniter\CodeIgniter->handleRequest(null, Object(Config\Cache), false)
 9 FCPATH\index.php(79): CodeIgniter\CodeIgniter->run()
10 SYSTEMPATH\Commands\Server\rewrite.php(47): require_once('C:\\xampp\\htdocs\\online-shop2\\online-shop2\\public\\index.php')
CRITICAL - 2023-12-18 07:51:52 --> Undefined array key "c_warna"
in APPPATH\Views\history_list.php on line 80.
 1 APPPATH\Views\history_list.php(80): CodeIgniter\Debug\Exceptions->errorHandler(2, 'Undefined array key "c_warna"', 'C:\\xampp\\htdocs\\online-shop2\\online-shop2\\app\\Views\\history_list.php', 80)
 2 SYSTEMPATH\View\View.php(226): include('C:\\xampp\\htdocs\\online-shop2\\online-shop2\\app\\Views\\history_list.php')
 3 SYSTEMPATH\View\View.php(229): CodeIgniter\View\View->CodeIgniter\View\{closure}()
 4 SYSTEMPATH\Common.php(1188): CodeIgniter\View\View->render('history_list', [], true)
 5 APPPATH\Controllers\DetailController.php(29): view('history_list', [...])
 6 SYSTEMPATH\CodeIgniter.php(919): App\Controllers\DetailController->history()
 7 SYSTEMPATH\CodeIgniter.php(494): CodeIgniter\CodeIgniter->runController(Object(App\Controllers\DetailController))
 8 SYSTEMPATH\CodeIgniter.php(353): CodeIgniter\CodeIgniter->handleRequest(null, Object(Config\Cache), false)
 9 FCPATH\index.php(79): CodeIgniter\CodeIgniter->run()
10 SYSTEMPATH\Commands\Server\rewrite.php(47): require_once('C:\\xampp\\htdocs\\online-shop2\\online-shop2\\public\\index.php')
CRITICAL - 2023-12-18 07:51:57 --> Undefined array key "c_ukuran"
in APPPATH\Views\history_list.php on line 82.
 1 APPPATH\Views\history_list.php(82): CodeIgniter\Debug\Exceptions->errorHandler(2, 'Undefined array key "c_ukuran"', 'C:\\xampp\\htdocs\\online-shop2\\online-shop2\\app\\Views\\history_list.php', 82)
 2 SYSTEMPATH\View\View.php(226): include('C:\\xampp\\htdocs\\online-shop2\\online-shop2\\app\\Views\\history_list.php')
 3 SYSTEMPATH\View\View.php(229): CodeIgniter\View\View->CodeIgniter\View\{closure}()
 4 SYSTEMPATH\Common.php(1188): CodeIgniter\View\View->render('history_list', [], true)
 5 APPPATH\Controllers\DetailController.php(29): view('history_list', [...])
 6 SYSTEMPATH\CodeIgniter.php(919): App\Controllers\DetailController->history()
 7 SYSTEMPATH\CodeIgniter.php(494): CodeIgniter\CodeIgniter->runController(Object(App\Controllers\DetailController))
 8 SYSTEMPATH\CodeIgniter.php(353): CodeIgniter\CodeIgniter->handleRequest(null, Object(Config\Cache), false)
 9 FCPATH\index.php(79): CodeIgniter\CodeIgniter->run()
10 SYSTEMPATH\Commands\Server\rewrite.php(47): require_once('C:\\xampp\\htdocs\\online-shop2\\online-shop2\\public\\index.php')
CRITICAL - 2023-12-18 07:53:57 --> Undefined array key "c_ukuran"
in APPPATH\Views\history_list.php on line 82.
 1 APPPATH\Views\history_list.php(82): CodeIgniter\Debug\Exceptions->errorHandler(2, 'Undefined array key "c_ukuran"', 'C:\\xampp\\htdocs\\online-shop2\\online-shop2\\app\\Views\\history_list.php', 82)
 2 SYSTEMPATH\View\View.php(226): include('C:\\xampp\\htdocs\\online-shop2\\online-shop2\\app\\Views\\history_list.php')
 3 SYSTEMPATH\View\View.php(229): CodeIgniter\View\View->CodeIgniter\View\{closure}()
 4 SYSTEMPATH\Common.php(1188): CodeIgniter\View\View->render('history_list', [], true)
 5 APPPATH\Controllers\DetailController.php(29): view('history_list', [...])
 6 SYSTEMPATH\CodeIgniter.php(919): App\Controllers\DetailController->history()
 7 SYSTEMPATH\CodeIgniter.php(494): CodeIgniter\CodeIgniter->runController(Object(App\Controllers\DetailController))
 8 SYSTEMPATH\CodeIgniter.php(353): CodeIgniter\CodeIgniter->handleRequest(null, Object(Config\Cache), false)
 9 FCPATH\index.php(79): CodeIgniter\CodeIgniter->run()
10 SYSTEMPATH\Commands\Server\rewrite.php(47): require_once('C:\\xampp\\htdocs\\online-shop2\\online-shop2\\public\\index.php')
CRITICAL - 2023-12-18 07:53:58 --> Undefined array key "c_ukuran"
in APPPATH\Views\history_list.php on line 82.
 1 APPPATH\Views\history_list.php(82): CodeIgniter\Debug\Exceptions->errorHandler(2, 'Undefined array key "c_ukuran"', 'C:\\xampp\\htdocs\\online-shop2\\online-shop2\\app\\Views\\history_list.php', 82)
 2 SYSTEMPATH\View\View.php(226): include('C:\\xampp\\htdocs\\online-shop2\\online-shop2\\app\\Views\\history_list.php')
 3 SYSTEMPATH\View\View.php(229): CodeIgniter\View\View->CodeIgniter\View\{closure}()
 4 SYSTEMPATH\Common.php(1188): CodeIgniter\View\View->render('history_list', [], true)
 5 APPPATH\Controllers\DetailController.php(29): view('history_list', [...])
 6 SYSTEMPATH\CodeIgniter.php(919): App\Controllers\DetailController->history()
 7 SYSTEMPATH\CodeIgniter.php(494): CodeIgniter\CodeIgniter->runController(Object(App\Controllers\DetailController))
 8 SYSTEMPATH\CodeIgniter.php(353): CodeIgniter\CodeIgniter->handleRequest(null, Object(Config\Cache), false)
 9 FCPATH\index.php(79): CodeIgniter\CodeIgniter->run()
10 SYSTEMPATH\Commands\Server\rewrite.php(47): require_once('C:\\xampp\\htdocs\\online-shop2\\online-shop2\\public\\index.php')
ERROR - 2023-12-18 07:56:05 --> mysqli_sql_exception: Unknown column 'c_warna' in 'field list' in C:\xampp\htdocs\online-shop2\online-shop2\system\Database\MySQLi\Connection.php:306
Stack trace:
#0 C:\xampp\htdocs\online-shop2\online-shop2\system\Database\MySQLi\Connection.php(306): mysqli->query('INSERT INTO `ch...', 0)
#1 C:\xampp\htdocs\online-shop2\online-shop2\system\Database\BaseConnection.php(692): CodeIgniter\Database\MySQLi\Connection->execute('INSERT INTO `ch...')
#2 C:\xampp\htdocs\online-shop2\online-shop2\system\Database\BaseConnection.php(606): CodeIgniter\Database\BaseConnection->simpleQuery('INSERT INTO `ch...')
#3 C:\xampp\htdocs\online-shop2\online-shop2\system\Database\BaseBuilder.php(2308): CodeIgniter\Database\BaseConnection->query('INSERT INTO `ch...', Array, false)
#4 C:\xampp\htdocs\online-shop2\online-shop2\system\Model.php(319): CodeIgniter\Database\BaseBuilder->insert()
#5 C:\xampp\htdocs\online-shop2\online-shop2\system\BaseModel.php(788): CodeIgniter\Model->doInsert(Array)
#6 C:\xampp\htdocs\online-shop2\online-shop2\system\Model.php(715): CodeIgniter\BaseModel->insert(Array, true)
#7 C:\xampp\htdocs\online-shop2\online-shop2\app\Controllers\CheckoutController.php(29): CodeIgniter\Model->insert(Array)
#8 C:\xampp\htdocs\online-shop2\online-shop2\system\CodeIgniter.php(919): App\Controllers\CheckoutController->store()
#9 C:\xampp\htdocs\online-shop2\online-shop2\system\CodeIgniter.php(494): CodeIgniter\CodeIgniter->runController(Object(App\Controllers\CheckoutController))
#10 C:\xampp\htdocs\online-shop2\online-shop2\system\CodeIgniter.php(353): CodeIgniter\CodeIgniter->handleRequest(NULL, Object(Config\Cache), false)
#11 C:\xampp\htdocs\online-shop2\online-shop2\public\index.php(79): CodeIgniter\CodeIgniter->run()
#12 C:\xampp\htdocs\online-shop2\online-shop2\system\Commands\Server\rewrite.php(47): require_once('C:\\xampp\\htdocs...')
#13 {main}
CRITICAL - 2023-12-18 08:39:22 --> Undefined array key "c_warna"
in APPPATH\Views\checkout_list.php on line 57.
 1 APPPATH\Views\checkout_list.php(57): CodeIgniter\Debug\Exceptions->errorHandler(2, 'Undefined array key "c_warna"', 'C:\\xampp\\htdocs\\online-shop2\\online-shop2\\app\\Views\\checkout_list.php', 57)
 2 SYSTEMPATH\View\View.php(226): include('C:\\xampp\\htdocs\\online-shop2\\online-shop2\\app\\Views\\checkout_list.php')
 3 SYSTEMPATH\View\View.php(229): CodeIgniter\View\View->CodeIgniter\View\{closure}()
 4 SYSTEMPATH\Common.php(1188): CodeIgniter\View\View->render('checkout_list', [], true)
 5 APPPATH\Controllers\CheckoutController.php(12): view('checkout_list', [...])
 6 SYSTEMPATH\CodeIgniter.php(919): App\Controllers\CheckoutController->checkoutList()
 7 SYSTEMPATH\CodeIgniter.php(494): CodeIgniter\CodeIgniter->runController(Object(App\Controllers\CheckoutController))
 8 SYSTEMPATH\CodeIgniter.php(353): CodeIgniter\CodeIgniter->handleRequest(null, Object(Config\Cache), false)
 9 FCPATH\index.php(79): CodeIgniter\CodeIgniter->run()
10 SYSTEMPATH\Commands\Server\rewrite.php(47): require_once('C:\\xampp\\htdocs\\online-shop2\\online-shop2\\public\\index.php')
CRITICAL - 2023-12-18 08:39:23 --> Undefined array key "c_warna"
in APPPATH\Views\checkout_list.php on line 57.
 1 APPPATH\Views\checkout_list.php(57): CodeIgniter\Debug\Exceptions->errorHandler(2, 'Undefined array key "c_warna"', 'C:\\xampp\\htdocs\\online-shop2\\online-shop2\\app\\Views\\checkout_list.php', 57)
 2 SYSTEMPATH\View\View.php(226): include('C:\\xampp\\htdocs\\online-shop2\\online-shop2\\app\\Views\\checkout_list.php')
 3 SYSTEMPATH\View\View.php(229): CodeIgniter\View\View->CodeIgniter\View\{closure}()
 4 SYSTEMPATH\Common.php(1188): CodeIgniter\View\View->render('checkout_list', [], true)
 5 APPPATH\Controllers\CheckoutController.php(12): view('checkout_list', [...])
 6 SYSTEMPATH\CodeIgniter.php(919): App\Controllers\CheckoutController->checkoutList()
 7 SYSTEMPATH\CodeIgniter.php(494): CodeIgniter\CodeIgniter->runController(Object(App\Controllers\CheckoutController))
 8 SYSTEMPATH\CodeIgniter.php(353): CodeIgniter\CodeIgniter->handleRequest(null, Object(Config\Cache), false)
 9 FCPATH\index.php(79): CodeIgniter\CodeIgniter->run()
10 SYSTEMPATH\Commands\Server\rewrite.php(47): require_once('C:\\xampp\\htdocs\\online-shop2\\online-shop2\\public\\index.php')
CRITICAL - 2023-12-18 08:39:24 --> Undefined array key "c_warna"
in APPPATH\Views\detail_list.php on line 62.
 1 APPPATH\Views\detail_list.php(62): CodeIgniter\Debug\Exceptions->errorHandler(2, 'Undefined array key "c_warna"', 'C:\\xampp\\htdocs\\online-shop2\\online-shop2\\app\\Views\\detail_list.php', 62)
 2 SYSTEMPATH\View\View.php(226): include('C:\\xampp\\htdocs\\online-shop2\\online-shop2\\app\\Views\\detail_list.php')
 3 SYSTEMPATH\View\View.php(229): CodeIgniter\View\View->CodeIgniter\View\{closure}()
 4 SYSTEMPATH\Common.php(1188): CodeIgniter\View\View->render('detail_list', [], true)
 5 APPPATH\Controllers\DetailController.php(17): view('detail_list', [...])
 6 SYSTEMPATH\CodeIgniter.php(919): App\Controllers\DetailController->detailList()
 7 SYSTEMPATH\CodeIgniter.php(494): CodeIgniter\CodeIgniter->runController(Object(App\Controllers\DetailController))
 8 SYSTEMPATH\CodeIgniter.php(353): CodeIgniter\CodeIgniter->handleRequest(null, Object(Config\Cache), false)
 9 FCPATH\index.php(79): CodeIgniter\CodeIgniter->run()
10 SYSTEMPATH\Commands\Server\rewrite.php(47): require_once('C:\\xampp\\htdocs\\online-shop2\\online-shop2\\public\\index.php')
CRITICAL - 2023-12-18 08:39:55 --> Undefined array key "c_warna"
in APPPATH\Views\checkout_list.php on line 57.
 1 APPPATH\Views\checkout_list.php(57): CodeIgniter\Debug\Exceptions->errorHandler(2, 'Undefined array key "c_warna"', 'C:\\xampp\\htdocs\\online-shop2\\online-shop2\\app\\Views\\checkout_list.php', 57)
 2 SYSTEMPATH\View\View.php(226): include('C:\\xampp\\htdocs\\online-shop2\\online-shop2\\app\\Views\\checkout_list.php')
 3 SYSTEMPATH\View\View.php(229): CodeIgniter\View\View->CodeIgniter\View\{closure}()
 4 SYSTEMPATH\Common.php(1188): CodeIgniter\View\View->render('checkout_list', [], true)
 5 APPPATH\Controllers\CheckoutController.php(12): view('checkout_list', [...])
 6 SYSTEMPATH\CodeIgniter.php(919): App\Controllers\CheckoutController->checkoutList()
 7 SYSTEMPATH\CodeIgniter.php(494): CodeIgniter\CodeIgniter->runController(Object(App\Controllers\CheckoutController))
 8 SYSTEMPATH\CodeIgniter.php(353): CodeIgniter\CodeIgniter->handleRequest(null, Object(Config\Cache), false)
 9 FCPATH\index.php(79): CodeIgniter\CodeIgniter->run()
10 SYSTEMPATH\Commands\Server\rewrite.php(47): require_once('C:\\xampp\\htdocs\\online-shop2\\online-shop2\\public\\index.php')
CRITICAL - 2023-12-18 08:40:48 --> Undefined array key "c_ukuran"
in APPPATH\Views\checkout_list.php on line 57.
 1 APPPATH\Views\checkout_list.php(57): CodeIgniter\Debug\Exceptions->errorHandler(2, 'Undefined array key "c_ukuran"', 'C:\\xampp\\htdocs\\online-shop2\\online-shop2\\app\\Views\\checkout_list.php', 57)
 2 SYSTEMPATH\View\View.php(226): include('C:\\xampp\\htdocs\\online-shop2\\online-shop2\\app\\Views\\checkout_list.php')
 3 SYSTEMPATH\View\View.php(229): CodeIgniter\View\View->CodeIgniter\View\{closure}()
 4 SYSTEMPATH\Common.php(1188): CodeIgniter\View\View->render('checkout_list', [], true)
 5 APPPATH\Controllers\CheckoutController.php(12): view('checkout_list', [...])
 6 SYSTEMPATH\CodeIgniter.php(919): App\Controllers\CheckoutController->checkoutList()
 7 SYSTEMPATH\CodeIgniter.php(494): CodeIgniter\CodeIgniter->runController(Object(App\Controllers\CheckoutController))
 8 SYSTEMPATH\CodeIgniter.php(353): CodeIgniter\CodeIgniter->handleRequest(null, Object(Config\Cache), false)
 9 FCPATH\index.php(79): CodeIgniter\CodeIgniter->run()
10 SYSTEMPATH\Commands\Server\rewrite.php(47): require_once('C:\\xampp\\htdocs\\online-shop2\\online-shop2\\public\\index.php')
CRITICAL - 2023-12-18 08:41:12 --> Undefined array key "c_ukuran"
in APPPATH\Views\checkout_list.php on line 57.
 1 APPPATH\Views\checkout_list.php(57): CodeIgniter\Debug\Exceptions->errorHandler(2, 'Undefined array key "c_ukuran"', 'C:\\xampp\\htdocs\\online-shop2\\online-shop2\\app\\Views\\checkout_list.php', 57)
 2 SYSTEMPATH\View\View.php(226): include('C:\\xampp\\htdocs\\online-shop2\\online-shop2\\app\\Views\\checkout_list.php')
 3 SYSTEMPATH\View\View.php(229): CodeIgniter\View\View->CodeIgniter\View\{closure}()
 4 SYSTEMPATH\Common.php(1188): CodeIgniter\View\View->render('checkout_list', [], true)
 5 APPPATH\Controllers\CheckoutController.php(12): view('checkout_list', [...])
 6 SYSTEMPATH\CodeIgniter.php(919): App\Controllers\CheckoutController->checkoutList()
 7 SYSTEMPATH\CodeIgniter.php(494): CodeIgniter\CodeIgniter->runController(Object(App\Controllers\CheckoutController))
 8 SYSTEMPATH\CodeIgniter.php(353): CodeIgniter\CodeIgniter->handleRequest(null, Object(Config\Cache), false)
 9 FCPATH\index.php(79): CodeIgniter\CodeIgniter->run()
10 SYSTEMPATH\Commands\Server\rewrite.php(47): require_once('C:\\xampp\\htdocs\\online-shop2\\online-shop2\\public\\index.php')
