CRITICAL - 2023-11-28 01:12:09 --> syntax error, unexpected variable "$data"
in APPPATH\Controllers\TiketController.php on line 11.
 1 SYSTEMPATH\Autoloader\Autoloader.php(285): CodeIgniter\Autoloader\Autoloader->includeFile('E:\\CODING\\Laragon\\www\\voughtcinema3\\app\\Controllers\\TiketController.php')
 2 SYSTEMPATH\Autoloader\Autoloader.php(263): CodeIgniter\Autoloader\Autoloader->loadInNamespace('App\\Controllers\\TiketController')
 3 [internal function]: CodeIgniter\Autoloader\Autoloader->loadClass('App\\Controllers\\TiketController')
 4 SYSTEMPATH\CodeIgniter.php(877): class_exists('\\App\\Controllers\\TiketController', true)
 5 SYSTEMPATH\CodeIgniter.php(481): CodeIgniter\CodeIgniter->startController()
 6 SYSTEMPATH\CodeIgniter.php(353): CodeIgniter\CodeIgniter->handleRequest(null, Object(Config\Cache), false)
 7 FCPATH\index.php(79): CodeIgniter\CodeIgniter->run()
 8 SYSTEMPATH\Commands\Server\rewrite.php(47): require_once('E:\\CODING\\Laragon\\www\\voughtcinema3\\public\\index.php')
CRITICAL - 2023-11-28 01:12:23 --> syntax error, unexpected variable "$data"
in APPPATH\Controllers\TiketController.php on line 11.
 1 SYSTEMPATH\Autoloader\Autoloader.php(285): CodeIgniter\Autoloader\Autoloader->includeFile('E:\\CODING\\Laragon\\www\\voughtcinema3\\app\\Controllers\\TiketController.php')
 2 SYSTEMPATH\Autoloader\Autoloader.php(263): CodeIgniter\Autoloader\Autoloader->loadInNamespace('App\\Controllers\\TiketController')
 3 [internal function]: CodeIgniter\Autoloader\Autoloader->loadClass('App\\Controllers\\TiketController')
 4 SYSTEMPATH\CodeIgniter.php(877): class_exists('\\App\\Controllers\\TiketController', true)
 5 SYSTEMPATH\CodeIgniter.php(481): CodeIgniter\CodeIgniter->startController()
 6 SYSTEMPATH\CodeIgniter.php(353): CodeIgniter\CodeIgniter->handleRequest(null, Object(Config\Cache), false)
 7 FCPATH\index.php(79): CodeIgniter\CodeIgniter->run()
 8 SYSTEMPATH\Commands\Server\rewrite.php(47): require_once('E:\\CODING\\Laragon\\www\\voughtcinema3\\public\\index.php')
CRITICAL - 2023-11-28 01:12:25 --> syntax error, unexpected variable "$data"
in APPPATH\Controllers\TiketController.php on line 11.
 1 SYSTEMPATH\Autoloader\Autoloader.php(285): CodeIgniter\Autoloader\Autoloader->includeFile('E:\\CODING\\Laragon\\www\\voughtcinema3\\app\\Controllers\\TiketController.php')
 2 SYSTEMPATH\Autoloader\Autoloader.php(263): CodeIgniter\Autoloader\Autoloader->loadInNamespace('App\\Controllers\\TiketController')
 3 [internal function]: CodeIgniter\Autoloader\Autoloader->loadClass('App\\Controllers\\TiketController')
 4 SYSTEMPATH\CodeIgniter.php(877): class_exists('\\App\\Controllers\\TiketController', true)
 5 SYSTEMPATH\CodeIgniter.php(481): CodeIgniter\CodeIgniter->startController()
 6 SYSTEMPATH\CodeIgniter.php(353): CodeIgniter\CodeIgniter->handleRequest(null, Object(Config\Cache), false)
 7 FCPATH\index.php(79): CodeIgniter\CodeIgniter->run()
 8 SYSTEMPATH\Commands\Server\rewrite.php(47): require_once('E:\\CODING\\Laragon\\www\\voughtcinema3\\public\\index.php')
CRITICAL - 2023-11-28 01:12:32 --> syntax error, unexpected variable "$data"
in APPPATH\Controllers\TiketController.php on line 11.
 1 SYSTEMPATH\Autoloader\Autoloader.php(285): CodeIgniter\Autoloader\Autoloader->includeFile('E:\\CODING\\Laragon\\www\\voughtcinema3\\app\\Controllers\\TiketController.php')
 2 SYSTEMPATH\Autoloader\Autoloader.php(263): CodeIgniter\Autoloader\Autoloader->loadInNamespace('App\\Controllers\\TiketController')
 3 [internal function]: CodeIgniter\Autoloader\Autoloader->loadClass('App\\Controllers\\TiketController')
 4 SYSTEMPATH\CodeIgniter.php(877): class_exists('\\App\\Controllers\\TiketController', true)
 5 SYSTEMPATH\CodeIgniter.php(481): CodeIgniter\CodeIgniter->startController()
 6 SYSTEMPATH\CodeIgniter.php(353): CodeIgniter\CodeIgniter->handleRequest(null, Object(Config\Cache), false)
 7 FCPATH\index.php(79): CodeIgniter\CodeIgniter->run()
 8 SYSTEMPATH\Commands\Server\rewrite.php(47): require_once('E:\\CODING\\Laragon\\www\\voughtcinema3\\public\\index.php')
ERROR - 2023-11-28 01:22:19 --> mysqli_sql_exception: Column 't_jamtayang' cannot be null in E:\CODING\Laragon\www\voughtcinema3\system\Database\MySQLi\Connection.php:306
Stack trace:
#0 E:\CODING\Laragon\www\voughtcinema3\system\Database\MySQLi\Connection.php(306): mysqli->query('INSERT INTO `ti...', 0)
#1 E:\CODING\Laragon\www\voughtcinema3\system\Database\BaseConnection.php(692): CodeIgniter\Database\MySQLi\Connection->execute('INSERT INTO `ti...')
#2 E:\CODING\Laragon\www\voughtcinema3\system\Database\BaseConnection.php(606): CodeIgniter\Database\BaseConnection->simpleQuery('INSERT INTO `ti...')
#3 E:\CODING\Laragon\www\voughtcinema3\system\Database\BaseBuilder.php(2308): CodeIgniter\Database\BaseConnection->query('INSERT INTO `ti...', Array, false)
#4 E:\CODING\Laragon\www\voughtcinema3\system\Model.php(319): CodeIgniter\Database\BaseBuilder->insert()
#5 E:\CODING\Laragon\www\voughtcinema3\system\BaseModel.php(788): CodeIgniter\Model->doInsert(Array)
#6 E:\CODING\Laragon\www\voughtcinema3\system\Model.php(715): CodeIgniter\BaseModel->insert(Array, true)
#7 E:\CODING\Laragon\www\voughtcinema3\app\Controllers\TiketController.php(26): CodeIgniter\Model->insert(Array)
#8 E:\CODING\Laragon\www\voughtcinema3\system\CodeIgniter.php(919): App\Controllers\TiketController->store()
#9 E:\CODING\Laragon\www\voughtcinema3\system\CodeIgniter.php(494): CodeIgniter\CodeIgniter->runController(Object(App\Controllers\TiketController))
#10 E:\CODING\Laragon\www\voughtcinema3\system\CodeIgniter.php(353): CodeIgniter\CodeIgniter->handleRequest(NULL, Object(Config\Cache), false)
#11 E:\CODING\Laragon\www\voughtcinema3\public\index.php(79): CodeIgniter\CodeIgniter->run()
#12 E:\CODING\Laragon\www\voughtcinema3\system\Commands\Server\rewrite.php(47): require_once('E:\\CODING\\Larag...')
#13 {main}
CRITICAL - 2023-11-28 01:22:19 --> Column 't_jamtayang' cannot be null
in SYSTEMPATH\Database\BaseConnection.php on line 646.
 1 SYSTEMPATH\Database\BaseBuilder.php(2308): CodeIgniter\Database\BaseConnection->query('INSERT INTO `tiket` (`t_jamtayang`, `t_jumlahtiket`, `t_tempatduduk`, `t_metodepembayaran`, `t_promo`) VALUES (:t_jamtayang:, :t_jumlahtiket:, :t_tempatduduk:, :t_metodepembayaran:, :t_promo:)', [...], false)
 2 SYSTEMPATH\Model.php(319): CodeIgniter\Database\BaseBuilder->insert()
 3 SYSTEMPATH\BaseModel.php(788): CodeIgniter\Model->doInsert([...])
 4 SYSTEMPATH\Model.php(715): CodeIgniter\BaseModel->insert([...], true)
 5 APPPATH\Controllers\TiketController.php(26): CodeIgniter\Model->insert([...])
 6 SYSTEMPATH\CodeIgniter.php(919): App\Controllers\TiketController->store()
 7 SYSTEMPATH\CodeIgniter.php(494): CodeIgniter\CodeIgniter->runController(Object(App\Controllers\TiketController))
 8 SYSTEMPATH\CodeIgniter.php(353): CodeIgniter\CodeIgniter->handleRequest(null, Object(Config\Cache), false)
 9 FCPATH\index.php(79): CodeIgniter\CodeIgniter->run()
10 SYSTEMPATH\Commands\Server\rewrite.php(47): require_once('E:\\CODING\\Laragon\\www\\voughtcinema3\\public\\index.php')
ERROR - 2023-11-28 01:34:28 --> mysqli_sql_exception: Column 't_jamtayang' cannot be null in E:\CODING\Laragon\www\voughtcinema3\system\Database\MySQLi\Connection.php:306
Stack trace:
#0 E:\CODING\Laragon\www\voughtcinema3\system\Database\MySQLi\Connection.php(306): mysqli->query('INSERT INTO `ti...', 0)
#1 E:\CODING\Laragon\www\voughtcinema3\system\Database\BaseConnection.php(692): CodeIgniter\Database\MySQLi\Connection->execute('INSERT INTO `ti...')
#2 E:\CODING\Laragon\www\voughtcinema3\system\Database\BaseConnection.php(606): CodeIgniter\Database\BaseConnection->simpleQuery('INSERT INTO `ti...')
#3 E:\CODING\Laragon\www\voughtcinema3\system\Database\BaseBuilder.php(2308): CodeIgniter\Database\BaseConnection->query('INSERT INTO `ti...', Array, false)
#4 E:\CODING\Laragon\www\voughtcinema3\system\Model.php(319): CodeIgniter\Database\BaseBuilder->insert()
#5 E:\CODING\Laragon\www\voughtcinema3\system\BaseModel.php(788): CodeIgniter\Model->doInsert(Array)
#6 E:\CODING\Laragon\www\voughtcinema3\system\Model.php(715): CodeIgniter\BaseModel->insert(Array, true)
#7 E:\CODING\Laragon\www\voughtcinema3\app\Controllers\TiketController.php(26): CodeIgniter\Model->insert(Array)
#8 E:\CODING\Laragon\www\voughtcinema3\system\CodeIgniter.php(919): App\Controllers\TiketController->store()
#9 E:\CODING\Laragon\www\voughtcinema3\system\CodeIgniter.php(494): CodeIgniter\CodeIgniter->runController(Object(App\Controllers\TiketController))
#10 E:\CODING\Laragon\www\voughtcinema3\system\CodeIgniter.php(353): CodeIgniter\CodeIgniter->handleRequest(NULL, Object(Config\Cache), false)
#11 E:\CODING\Laragon\www\voughtcinema3\public\index.php(79): CodeIgniter\CodeIgniter->run()
#12 E:\CODING\Laragon\www\voughtcinema3\system\Commands\Server\rewrite.php(47): require_once('E:\\CODING\\Larag...')
#13 {main}
CRITICAL - 2023-11-28 01:34:28 --> Column 't_jamtayang' cannot be null
in SYSTEMPATH\Database\BaseConnection.php on line 646.
 1 SYSTEMPATH\Database\BaseBuilder.php(2308): CodeIgniter\Database\BaseConnection->query('INSERT INTO `tiket` (`t_jamtayang`, `t_jumlahtiket`, `t_tempatduduk`, `t_metodepembayaran`, `t_promo`) VALUES (:t_jamtayang:, :t_jumlahtiket:, :t_tempatduduk:, :t_metodepembayaran:, :t_promo:)', [...], false)
 2 SYSTEMPATH\Model.php(319): CodeIgniter\Database\BaseBuilder->insert()
 3 SYSTEMPATH\BaseModel.php(788): CodeIgniter\Model->doInsert([...])
 4 SYSTEMPATH\Model.php(715): CodeIgniter\BaseModel->insert([...], true)
 5 APPPATH\Controllers\TiketController.php(26): CodeIgniter\Model->insert([...])
 6 SYSTEMPATH\CodeIgniter.php(919): App\Controllers\TiketController->store()
 7 SYSTEMPATH\CodeIgniter.php(494): CodeIgniter\CodeIgniter->runController(Object(App\Controllers\TiketController))
 8 SYSTEMPATH\CodeIgniter.php(353): CodeIgniter\CodeIgniter->handleRequest(null, Object(Config\Cache), false)
 9 FCPATH\index.php(79): CodeIgniter\CodeIgniter->run()
10 SYSTEMPATH\Commands\Server\rewrite.php(47): require_once('E:\\CODING\\Laragon\\www\\voughtcinema3\\public\\index.php')
ERROR - 2023-11-28 01:35:28 --> mysqli_sql_exception: Column 't_jamtayang' cannot be null in E:\CODING\Laragon\www\voughtcinema3\system\Database\MySQLi\Connection.php:306
Stack trace:
#0 E:\CODING\Laragon\www\voughtcinema3\system\Database\MySQLi\Connection.php(306): mysqli->query('INSERT INTO `ti...', 0)
#1 E:\CODING\Laragon\www\voughtcinema3\system\Database\BaseConnection.php(692): CodeIgniter\Database\MySQLi\Connection->execute('INSERT INTO `ti...')
#2 E:\CODING\Laragon\www\voughtcinema3\system\Database\BaseConnection.php(606): CodeIgniter\Database\BaseConnection->simpleQuery('INSERT INTO `ti...')
#3 E:\CODING\Laragon\www\voughtcinema3\system\Database\BaseBuilder.php(2308): CodeIgniter\Database\BaseConnection->query('INSERT INTO `ti...', Array, false)
#4 E:\CODING\Laragon\www\voughtcinema3\system\Model.php(319): CodeIgniter\Database\BaseBuilder->insert()
#5 E:\CODING\Laragon\www\voughtcinema3\system\BaseModel.php(788): CodeIgniter\Model->doInsert(Array)
#6 E:\CODING\Laragon\www\voughtcinema3\system\Model.php(715): CodeIgniter\BaseModel->insert(Array, true)
#7 E:\CODING\Laragon\www\voughtcinema3\app\Controllers\TiketController.php(26): CodeIgniter\Model->insert(Array)
#8 E:\CODING\Laragon\www\voughtcinema3\system\CodeIgniter.php(919): App\Controllers\TiketController->store()
#9 E:\CODING\Laragon\www\voughtcinema3\system\CodeIgniter.php(494): CodeIgniter\CodeIgniter->runController(Object(App\Controllers\TiketController))
#10 E:\CODING\Laragon\www\voughtcinema3\system\CodeIgniter.php(353): CodeIgniter\CodeIgniter->handleRequest(NULL, Object(Config\Cache), false)
#11 E:\CODING\Laragon\www\voughtcinema3\public\index.php(79): CodeIgniter\CodeIgniter->run()
#12 E:\CODING\Laragon\www\voughtcinema3\system\Commands\Server\rewrite.php(47): require_once('E:\\CODING\\Larag...')
#13 {main}
CRITICAL - 2023-11-28 01:35:28 --> Column 't_jamtayang' cannot be null
in SYSTEMPATH\Database\BaseConnection.php on line 646.
 1 SYSTEMPATH\Database\BaseBuilder.php(2308): CodeIgniter\Database\BaseConnection->query('INSERT INTO `tiket` (`t_jamtayang`, `t_jumlahtiket`, `t_tempatduduk`, `t_metodepembayaran`, `t_promo`) VALUES (:t_jamtayang:, :t_jumlahtiket:, :t_tempatduduk:, :t_metodepembayaran:, :t_promo:)', [...], false)
 2 SYSTEMPATH\Model.php(319): CodeIgniter\Database\BaseBuilder->insert()
 3 SYSTEMPATH\BaseModel.php(788): CodeIgniter\Model->doInsert([...])
 4 SYSTEMPATH\Model.php(715): CodeIgniter\BaseModel->insert([...], true)
 5 APPPATH\Controllers\TiketController.php(26): CodeIgniter\Model->insert([...])
 6 SYSTEMPATH\CodeIgniter.php(919): App\Controllers\TiketController->store()
 7 SYSTEMPATH\CodeIgniter.php(494): CodeIgniter\CodeIgniter->runController(Object(App\Controllers\TiketController))
 8 SYSTEMPATH\CodeIgniter.php(353): CodeIgniter\CodeIgniter->handleRequest(null, Object(Config\Cache), false)
 9 FCPATH\index.php(79): CodeIgniter\CodeIgniter->run()
10 SYSTEMPATH\Commands\Server\rewrite.php(47): require_once('E:\\CODING\\Laragon\\www\\voughtcinema3\\public\\index.php')
ERROR - 2023-11-28 01:50:31 --> mysqli_sql_exception: Column 't_jamtayang' cannot be null in E:\CODING\Laragon\www\voughtcinema3\system\Database\MySQLi\Connection.php:306
Stack trace:
#0 E:\CODING\Laragon\www\voughtcinema3\system\Database\MySQLi\Connection.php(306): mysqli->query('INSERT INTO `ti...', 0)
#1 E:\CODING\Laragon\www\voughtcinema3\system\Database\BaseConnection.php(692): CodeIgniter\Database\MySQLi\Connection->execute('INSERT INTO `ti...')
#2 E:\CODING\Laragon\www\voughtcinema3\system\Database\BaseConnection.php(606): CodeIgniter\Database\BaseConnection->simpleQuery('INSERT INTO `ti...')
#3 E:\CODING\Laragon\www\voughtcinema3\system\Database\BaseBuilder.php(2308): CodeIgniter\Database\BaseConnection->query('INSERT INTO `ti...', Array, false)
#4 E:\CODING\Laragon\www\voughtcinema3\system\Model.php(319): CodeIgniter\Database\BaseBuilder->insert()
#5 E:\CODING\Laragon\www\voughtcinema3\system\BaseModel.php(788): CodeIgniter\Model->doInsert(Array)
#6 E:\CODING\Laragon\www\voughtcinema3\system\Model.php(715): CodeIgniter\BaseModel->insert(Array, true)
#7 E:\CODING\Laragon\www\voughtcinema3\app\Controllers\TiketController.php(26): CodeIgniter\Model->insert(Array)
#8 E:\CODING\Laragon\www\voughtcinema3\system\CodeIgniter.php(919): App\Controllers\TiketController->store()
#9 E:\CODING\Laragon\www\voughtcinema3\system\CodeIgniter.php(494): CodeIgniter\CodeIgniter->runController(Object(App\Controllers\TiketController))
#10 E:\CODING\Laragon\www\voughtcinema3\system\CodeIgniter.php(353): CodeIgniter\CodeIgniter->handleRequest(NULL, Object(Config\Cache), false)
#11 E:\CODING\Laragon\www\voughtcinema3\public\index.php(79): CodeIgniter\CodeIgniter->run()
#12 E:\CODING\Laragon\www\voughtcinema3\system\Commands\Server\rewrite.php(47): require_once('E:\\CODING\\Larag...')
#13 {main}
CRITICAL - 2023-11-28 01:50:31 --> Column 't_jamtayang' cannot be null
in SYSTEMPATH\Database\BaseConnection.php on line 646.
 1 SYSTEMPATH\Database\BaseBuilder.php(2308): CodeIgniter\Database\BaseConnection->query('INSERT INTO `tiket` (`t_jamtayang`, `t_jumlahtiket`, `t_tempatduduk`, `t_metodepembayaran`, `t_promo`) VALUES (:t_jamtayang:, :t_jumlahtiket:, :t_tempatduduk:, :t_metodepembayaran:, :t_promo:)', [...], false)
 2 SYSTEMPATH\Model.php(319): CodeIgniter\Database\BaseBuilder->insert()
 3 SYSTEMPATH\BaseModel.php(788): CodeIgniter\Model->doInsert([...])
 4 SYSTEMPATH\Model.php(715): CodeIgniter\BaseModel->insert([...], true)
 5 APPPATH\Controllers\TiketController.php(26): CodeIgniter\Model->insert([...])
 6 SYSTEMPATH\CodeIgniter.php(919): App\Controllers\TiketController->store()
 7 SYSTEMPATH\CodeIgniter.php(494): CodeIgniter\CodeIgniter->runController(Object(App\Controllers\TiketController))
 8 SYSTEMPATH\CodeIgniter.php(353): CodeIgniter\CodeIgniter->handleRequest(null, Object(Config\Cache), false)
 9 FCPATH\index.php(79): CodeIgniter\CodeIgniter->run()
10 SYSTEMPATH\Commands\Server\rewrite.php(47): require_once('E:\\CODING\\Laragon\\www\\voughtcinema3\\public\\index.php')
CRITICAL - 2023-11-28 07:07:02 --> syntax error, unexpected variable "$routes"
in APPPATH\Config\Routes.php on line 26.
 1 SYSTEMPATH\CodeIgniter.php(787): CodeIgniter\Router\RouteCollection->loadRoutes()
 2 SYSTEMPATH\CodeIgniter.php(442): CodeIgniter\CodeIgniter->tryToRouteIt(null)
 3 SYSTEMPATH\CodeIgniter.php(353): CodeIgniter\CodeIgniter->handleRequest(null, Object(Config\Cache), false)
 4 FCPATH\index.php(79): CodeIgniter\CodeIgniter->run()
 5 SYSTEMPATH\Commands\Server\rewrite.php(47): require_once('C:\\xampp\\htdocs\\voughtcinema4\\public\\index.php')
CRITICAL - 2023-11-28 07:08:09 --> Invalid file: "confirmation.php"
in SYSTEMPATH\Exceptions\FrameworkException.php on line 39.
 1 SYSTEMPATH\View\View.php(214): CodeIgniter\Exceptions\FrameworkException::forInvalidFile('confirmation.php')
 2 SYSTEMPATH\Common.php(1188): CodeIgniter\View\View->render('confirmation', [], true)
 3 APPPATH\Controllers\TiketController.php(33): view('confirmation', [...])
 4 SYSTEMPATH\CodeIgniter.php(919): App\Controllers\TiketController->confirmation()
 5 SYSTEMPATH\CodeIgniter.php(494): CodeIgniter\CodeIgniter->runController(Object(App\Controllers\TiketController))
 6 SYSTEMPATH\CodeIgniter.php(353): CodeIgniter\CodeIgniter->handleRequest(null, Object(Config\Cache), false)
 7 FCPATH\index.php(79): CodeIgniter\CodeIgniter->run()
 8 SYSTEMPATH\Commands\Server\rewrite.php(47): require_once('C:\\xampp\\htdocs\\voughtcinema4\\public\\index.php')
CRITICAL - 2023-11-28 07:08:10 --> Invalid file: "confirmation.php"
in SYSTEMPATH\Exceptions\FrameworkException.php on line 39.
 1 SYSTEMPATH\View\View.php(214): CodeIgniter\Exceptions\FrameworkException::forInvalidFile('confirmation.php')
 2 SYSTEMPATH\Common.php(1188): CodeIgniter\View\View->render('confirmation', [], true)
 3 APPPATH\Controllers\TiketController.php(33): view('confirmation', [...])
 4 SYSTEMPATH\CodeIgniter.php(919): App\Controllers\TiketController->confirmation()
 5 SYSTEMPATH\CodeIgniter.php(494): CodeIgniter\CodeIgniter->runController(Object(App\Controllers\TiketController))
 6 SYSTEMPATH\CodeIgniter.php(353): CodeIgniter\CodeIgniter->handleRequest(null, Object(Config\Cache), false)
 7 FCPATH\index.php(79): CodeIgniter\CodeIgniter->run()
 8 SYSTEMPATH\Commands\Server\rewrite.php(47): require_once('C:\\xampp\\htdocs\\voughtcinema4\\public\\index.php')
CRITICAL - 2023-11-28 08:20:19 --> Undefined array key "f_nama"
in APPPATH\Views\confirmation.php on line 41.
 1 APPPATH\Views\confirmation.php(41): CodeIgniter\Debug\Exceptions->errorHandler(2, 'Undefined array key "f_nama"', 'C:\\xampp\\htdocs\\voughtcinema4\\app\\Views\\confirmation.php', 41)
 2 SYSTEMPATH\View\View.php(226): include('C:\\xampp\\htdocs\\voughtcinema4\\app\\Views\\confirmation.php')
 3 SYSTEMPATH\View\View.php(229): CodeIgniter\View\View->CodeIgniter\View\{closure}()
 4 SYSTEMPATH\Common.php(1188): CodeIgniter\View\View->render('confirmation', [], true)
 5 APPPATH\Controllers\TiketController.php(33): view('confirmation', [...])
 6 SYSTEMPATH\CodeIgniter.php(919): App\Controllers\TiketController->confirmation()
 7 SYSTEMPATH\CodeIgniter.php(494): CodeIgniter\CodeIgniter->runController(Object(App\Controllers\TiketController))
 8 SYSTEMPATH\CodeIgniter.php(353): CodeIgniter\CodeIgniter->handleRequest(null, Object(Config\Cache), false)
 9 FCPATH\index.php(79): CodeIgniter\CodeIgniter->run()
10 SYSTEMPATH\Commands\Server\rewrite.php(47): require_once('C:\\xampp\\htdocs\\voughtcinema4\\public\\index.php')
ERROR - 2023-11-28 08:24:25 --> mysqli_sql_exception: Unknown column 't_id' in 'order clause' in C:\xampp\htdocs\voughtcinema4\system\Database\MySQLi\Connection.php:306
Stack trace:
#0 C:\xampp\htdocs\voughtcinema4\system\Database\MySQLi\Connection.php(306): mysqli->query('SELECT *\nFROM `...', 0)
#1 C:\xampp\htdocs\voughtcinema4\system\Database\BaseConnection.php(692): CodeIgniter\Database\MySQLi\Connection->execute('SELECT *\nFROM `...')
#2 C:\xampp\htdocs\voughtcinema4\system\Database\BaseConnection.php(606): CodeIgniter\Database\BaseConnection->simpleQuery('SELECT *\nFROM `...')
#3 C:\xampp\htdocs\voughtcinema4\system\Database\BaseBuilder.php(1615): CodeIgniter\Database\BaseConnection->query('SELECT *\nFROM `...', Array, false)
#4 C:\xampp\htdocs\voughtcinema4\system\Model.php(237): CodeIgniter\Database\BaseBuilder->get()
#5 C:\xampp\htdocs\voughtcinema4\system\BaseModel.php(624): CodeIgniter\Model->doFindAll(0, 0)
#6 C:\xampp\htdocs\voughtcinema4\app\Controllers\UserCrud.php(77): CodeIgniter\BaseModel->findAll()
#7 C:\xampp\htdocs\voughtcinema4\system\CodeIgniter.php(919): App\Controllers\UserCrud->confirmation()
#8 C:\xampp\htdocs\voughtcinema4\system\CodeIgniter.php(494): CodeIgniter\CodeIgniter->runController(Object(App\Controllers\UserCrud))
#9 C:\xampp\htdocs\voughtcinema4\system\CodeIgniter.php(353): CodeIgniter\CodeIgniter->handleRequest(NULL, Object(Config\Cache), false)
#10 C:\xampp\htdocs\voughtcinema4\public\index.php(79): CodeIgniter\CodeIgniter->run()
#11 C:\xampp\htdocs\voughtcinema4\system\Commands\Server\rewrite.php(47): require_once('C:\\xampp\\htdocs...')
#12 {main}
CRITICAL - 2023-11-28 08:24:25 --> Unknown column 't_id' in 'order clause'
in SYSTEMPATH\Database\BaseConnection.php on line 646.
 1 SYSTEMPATH\Database\BaseBuilder.php(1615): CodeIgniter\Database\BaseConnection->query('SELECT *
FROM `film`
ORDER BY `t_id` ASC', [], false)
 2 SYSTEMPATH\Model.php(237): CodeIgniter\Database\BaseBuilder->get()
 3 SYSTEMPATH\BaseModel.php(624): CodeIgniter\Model->doFindAll(0, 0)
 4 APPPATH\Controllers\UserCrud.php(77): CodeIgniter\BaseModel->findAll()
 5 SYSTEMPATH\CodeIgniter.php(919): App\Controllers\UserCrud->confirmation()
 6 SYSTEMPATH\CodeIgniter.php(494): CodeIgniter\CodeIgniter->runController(Object(App\Controllers\UserCrud))
 7 SYSTEMPATH\CodeIgniter.php(353): CodeIgniter\CodeIgniter->handleRequest(null, Object(Config\Cache), false)
 8 FCPATH\index.php(79): CodeIgniter\CodeIgniter->run()
 9 SYSTEMPATH\Commands\Server\rewrite.php(47): require_once('C:\\xampp\\htdocs\\voughtcinema4\\public\\index.php')
ERROR - 2023-11-28 08:24:41 --> mysqli_sql_exception: Unknown column 't_id' in 'order clause' in C:\xampp\htdocs\voughtcinema4\system\Database\MySQLi\Connection.php:306
Stack trace:
#0 C:\xampp\htdocs\voughtcinema4\system\Database\MySQLi\Connection.php(306): mysqli->query('SELECT *\nFROM `...', 0)
#1 C:\xampp\htdocs\voughtcinema4\system\Database\BaseConnection.php(692): CodeIgniter\Database\MySQLi\Connection->execute('SELECT *\nFROM `...')
#2 C:\xampp\htdocs\voughtcinema4\system\Database\BaseConnection.php(606): CodeIgniter\Database\BaseConnection->simpleQuery('SELECT *\nFROM `...')
#3 C:\xampp\htdocs\voughtcinema4\system\Database\BaseBuilder.php(1615): CodeIgniter\Database\BaseConnection->query('SELECT *\nFROM `...', Array, false)
#4 C:\xampp\htdocs\voughtcinema4\system\Model.php(237): CodeIgniter\Database\BaseBuilder->get()
#5 C:\xampp\htdocs\voughtcinema4\system\BaseModel.php(624): CodeIgniter\Model->doFindAll(0, 0)
#6 C:\xampp\htdocs\voughtcinema4\app\Controllers\UserCrud.php(77): CodeIgniter\BaseModel->findAll()
#7 C:\xampp\htdocs\voughtcinema4\system\CodeIgniter.php(919): App\Controllers\UserCrud->confirmation()
#8 C:\xampp\htdocs\voughtcinema4\system\CodeIgniter.php(494): CodeIgniter\CodeIgniter->runController(Object(App\Controllers\UserCrud))
#9 C:\xampp\htdocs\voughtcinema4\system\CodeIgniter.php(353): CodeIgniter\CodeIgniter->handleRequest(NULL, Object(Config\Cache), false)
#10 C:\xampp\htdocs\voughtcinema4\public\index.php(79): CodeIgniter\CodeIgniter->run()
#11 C:\xampp\htdocs\voughtcinema4\system\Commands\Server\rewrite.php(47): require_once('C:\\xampp\\htdocs...')
#12 {main}
CRITICAL - 2023-11-28 08:24:41 --> Unknown column 't_id' in 'order clause'
in SYSTEMPATH\Database\BaseConnection.php on line 646.
 1 SYSTEMPATH\Database\BaseBuilder.php(1615): CodeIgniter\Database\BaseConnection->query('SELECT *
FROM `film`
ORDER BY `t_id` ASC', [], false)
 2 SYSTEMPATH\Model.php(237): CodeIgniter\Database\BaseBuilder->get()
 3 SYSTEMPATH\BaseModel.php(624): CodeIgniter\Model->doFindAll(0, 0)
 4 APPPATH\Controllers\UserCrud.php(77): CodeIgniter\BaseModel->findAll()
 5 SYSTEMPATH\CodeIgniter.php(919): App\Controllers\UserCrud->confirmation()
 6 SYSTEMPATH\CodeIgniter.php(494): CodeIgniter\CodeIgniter->runController(Object(App\Controllers\UserCrud))
 7 SYSTEMPATH\CodeIgniter.php(353): CodeIgniter\CodeIgniter->handleRequest(null, Object(Config\Cache), false)
 8 FCPATH\index.php(79): CodeIgniter\CodeIgniter->run()
 9 SYSTEMPATH\Commands\Server\rewrite.php(47): require_once('C:\\xampp\\htdocs\\voughtcinema4\\public\\index.php')
CRITICAL - 2023-11-28 11:48:55 --> syntax error, unexpected end of file
in APPPATH\Views\myticket.php on line 46.
 1 SYSTEMPATH\View\View.php(229): CodeIgniter\View\View->CodeIgniter\View\{closure}()
 2 SYSTEMPATH\Common.php(1188): CodeIgniter\View\View->render('myticket', [], true)
 3 APPPATH\Controllers\UserCrud.php(84): view('myticket', [...])
 4 SYSTEMPATH\CodeIgniter.php(919): App\Controllers\UserCrud->myticket()
 5 SYSTEMPATH\CodeIgniter.php(494): CodeIgniter\CodeIgniter->runController(Object(App\Controllers\UserCrud))
 6 SYSTEMPATH\CodeIgniter.php(353): CodeIgniter\CodeIgniter->handleRequest(null, Object(Config\Cache), false)
 7 FCPATH\index.php(79): CodeIgniter\CodeIgniter->run()
 8 SYSTEMPATH\Commands\Server\rewrite.php(47): require_once('C:\\xampp\\htdocs\\voughtcinema4\\public\\index.php')
ERROR - 2023-11-28 12:40:20 --> Error connecting to the database: mysqli_sql_exception: No connection could be made because the target machine actively refused it in E:\CODING\Laragon\www\voughtcinema4\system\Database\MySQLi\Connection.php:185
Stack trace:
#0 E:\CODING\Laragon\www\voughtcinema4\system\Database\MySQLi\Connection.php(185): mysqli->real_connect(NULL, 'root', '', 'db_quiz2', NULL, '/Applications/X...', 0)
#1 E:\CODING\Laragon\www\voughtcinema4\system\Database\BaseConnection.php(391): CodeIgniter\Database\MySQLi\Connection->connect(false)
#2 E:\CODING\Laragon\www\voughtcinema4\system\Database\BaseConnection.php(574): CodeIgniter\Database\BaseConnection->initialize()
#3 E:\CODING\Laragon\www\voughtcinema4\system\Database\BaseBuilder.php(1615): CodeIgniter\Database\BaseConnection->query('SELECT *\nFROM `...', Array, false)
#4 E:\CODING\Laragon\www\voughtcinema4\system\Model.php(237): CodeIgniter\Database\BaseBuilder->get()
#5 E:\CODING\Laragon\www\voughtcinema4\system\BaseModel.php(624): CodeIgniter\Model->doFindAll(0, 0)
#6 E:\CODING\Laragon\www\voughtcinema4\app\Controllers\UserCrud.php(18): CodeIgniter\BaseModel->findAll()
#7 E:\CODING\Laragon\www\voughtcinema4\system\CodeIgniter.php(919): App\Controllers\UserCrud->index()
#8 E:\CODING\Laragon\www\voughtcinema4\system\CodeIgniter.php(494): CodeIgniter\CodeIgniter->runController(Object(App\Controllers\UserCrud))
#9 E:\CODING\Laragon\www\voughtcinema4\system\CodeIgniter.php(353): CodeIgniter\CodeIgniter->handleRequest(NULL, Object(Config\Cache), false)
#10 E:\CODING\Laragon\www\voughtcinema4\public\index.php(79): CodeIgniter\CodeIgniter->run()
#11 E:\CODING\Laragon\www\voughtcinema4\system\Commands\Server\rewrite.php(47): require_once('E:\\CODING\\Larag...')
#12 {main}

Next CodeIgniter\Database\Exceptions\DatabaseException: No connection could be made because the target machine actively refused it in E:\CODING\Laragon\www\voughtcinema4\system\Database\MySQLi\Connection.php:229
Stack trace:
#0 E:\CODING\Laragon\www\voughtcinema4\system\Database\BaseConnection.php(391): CodeIgniter\Database\MySQLi\Connection->connect(false)
#1 E:\CODING\Laragon\www\voughtcinema4\system\Database\BaseConnection.php(574): CodeIgniter\Database\BaseConnection->initialize()
#2 E:\CODING\Laragon\www\voughtcinema4\system\Database\BaseBuilder.php(1615): CodeIgniter\Database\BaseConnection->query('SELECT *\nFROM `...', Array, false)
#3 E:\CODING\Laragon\www\voughtcinema4\system\Model.php(237): CodeIgniter\Database\BaseBuilder->get()
#4 E:\CODING\Laragon\www\voughtcinema4\system\BaseModel.php(624): CodeIgniter\Model->doFindAll(0, 0)
#5 E:\CODING\Laragon\www\voughtcinema4\app\Controllers\UserCrud.php(18): CodeIgniter\BaseModel->findAll()
#6 E:\CODING\Laragon\www\voughtcinema4\system\CodeIgniter.php(919): App\Controllers\UserCrud->index()
#7 E:\CODING\Laragon\www\voughtcinema4\system\CodeIgniter.php(494): CodeIgniter\CodeIgniter->runController(Object(App\Controllers\UserCrud))
#8 E:\CODING\Laragon\www\voughtcinema4\system\CodeIgniter.php(353): CodeIgniter\CodeIgniter->handleRequest(NULL, Object(Config\Cache), false)
#9 E:\CODING\Laragon\www\voughtcinema4\public\index.php(79): CodeIgniter\CodeIgniter->run()
#10 E:\CODING\Laragon\www\voughtcinema4\system\Commands\Server\rewrite.php(47): require_once('E:\\CODING\\Larag...')
#11 {main}
CRITICAL - 2023-11-28 12:40:20 --> Unable to connect to the database.
Main connection [MySQLi]: No connection could be made because the target machine actively refused it
in SYSTEMPATH\Database\BaseConnection.php on line 427.
 1 SYSTEMPATH\Database\BaseConnection.php(574): CodeIgniter\Database\BaseConnection->initialize()
 2 SYSTEMPATH\Database\BaseBuilder.php(1615): CodeIgniter\Database\BaseConnection->query('SELECT *
FROM `film`
ORDER BY `f_id` ASC', [], false)
 3 SYSTEMPATH\Model.php(237): CodeIgniter\Database\BaseBuilder->get()
 4 SYSTEMPATH\BaseModel.php(624): CodeIgniter\Model->doFindAll(0, 0)
 5 APPPATH\Controllers\UserCrud.php(18): CodeIgniter\BaseModel->findAll()
 6 SYSTEMPATH\CodeIgniter.php(919): App\Controllers\UserCrud->index()
 7 SYSTEMPATH\CodeIgniter.php(494): CodeIgniter\CodeIgniter->runController(Object(App\Controllers\UserCrud))
 8 SYSTEMPATH\CodeIgniter.php(353): CodeIgniter\CodeIgniter->handleRequest(null, Object(Config\Cache), false)
 9 FCPATH\index.php(79): CodeIgniter\CodeIgniter->run()
10 SYSTEMPATH\Commands\Server\rewrite.php(47): require_once('E:\\CODING\\Laragon\\www\\voughtcinema4\\public\\index.php')
CRITICAL - 2023-11-28 13:57:22 --> Undefined variable $users
in APPPATH\Views\ticket_list.php on line 47.
 1 APPPATH\Views\ticket_list.php(47): CodeIgniter\Debug\Exceptions->errorHandler(2, 'Undefined variable $users', 'E:\\CODING\\Laragon\\www\\voughtcinema4\\app\\Views\\ticket_list.php', 47)
 2 SYSTEMPATH\View\View.php(226): include('E:\\CODING\\Laragon\\www\\voughtcinema4\\app\\Views\\ticket_list.php')
 3 SYSTEMPATH\View\View.php(229): CodeIgniter\View\View->CodeIgniter\View\{closure}()
 4 SYSTEMPATH\Common.php(1188): CodeIgniter\View\View->render('ticket_list', [], true)
 5 APPPATH\Controllers\MyTicketController.php(16): view('ticket_list', [...])
 6 SYSTEMPATH\CodeIgniter.php(919): App\Controllers\MyTicketController->ticket_list()
 7 SYSTEMPATH\CodeIgniter.php(494): CodeIgniter\CodeIgniter->runController(Object(App\Controllers\MyTicketController))
 8 SYSTEMPATH\CodeIgniter.php(353): CodeIgniter\CodeIgniter->handleRequest(null, Object(Config\Cache), false)
 9 FCPATH\index.php(79): CodeIgniter\CodeIgniter->run()
10 SYSTEMPATH\Commands\Server\rewrite.php(47): require_once('E:\\CODING\\Laragon\\www\\voughtcinema4\\public\\index.php')
CRITICAL - 2023-11-28 14:09:26 --> Undefined array key "t_jumlahtayang"
in APPPATH\Views\ticket_list.php on line 54.
 1 APPPATH\Views\ticket_list.php(54): CodeIgniter\Debug\Exceptions->errorHandler(2, 'Undefined array key "t_jumlahtayang"', 'E:\\CODING\\Laragon\\www\\voughtcinema4\\app\\Views\\ticket_list.php', 54)
 2 SYSTEMPATH\View\View.php(226): include('E:\\CODING\\Laragon\\www\\voughtcinema4\\app\\Views\\ticket_list.php')
 3 SYSTEMPATH\View\View.php(229): CodeIgniter\View\View->CodeIgniter\View\{closure}()
 4 SYSTEMPATH\Common.php(1188): CodeIgniter\View\View->render('ticket_list', [], true)
 5 APPPATH\Controllers\MyTicketController.php(16): view('ticket_list', [...])
 6 SYSTEMPATH\CodeIgniter.php(919): App\Controllers\MyTicketController->ticket_list()
 7 SYSTEMPATH\CodeIgniter.php(494): CodeIgniter\CodeIgniter->runController(Object(App\Controllers\MyTicketController))
 8 SYSTEMPATH\CodeIgniter.php(353): CodeIgniter\CodeIgniter->handleRequest(null, Object(Config\Cache), false)
 9 FCPATH\index.php(79): CodeIgniter\CodeIgniter->run()
10 SYSTEMPATH\Commands\Server\rewrite.php(47): require_once('E:\\CODING\\Laragon\\www\\voughtcinema4\\public\\index.php')
CRITICAL - 2023-11-28 14:09:30 --> Undefined array key "t_jumlahtayang"
in APPPATH\Views\ticket_list.php on line 54.
 1 APPPATH\Views\ticket_list.php(54): CodeIgniter\Debug\Exceptions->errorHandler(2, 'Undefined array key "t_jumlahtayang"', 'E:\\CODING\\Laragon\\www\\voughtcinema4\\app\\Views\\ticket_list.php', 54)
 2 SYSTEMPATH\View\View.php(226): include('E:\\CODING\\Laragon\\www\\voughtcinema4\\app\\Views\\ticket_list.php')
 3 SYSTEMPATH\View\View.php(229): CodeIgniter\View\View->CodeIgniter\View\{closure}()
 4 SYSTEMPATH\Common.php(1188): CodeIgniter\View\View->render('ticket_list', [], true)
 5 APPPATH\Controllers\MyTicketController.php(16): view('ticket_list', [...])
 6 SYSTEMPATH\CodeIgniter.php(919): App\Controllers\MyTicketController->ticket_list()
 7 SYSTEMPATH\CodeIgniter.php(494): CodeIgniter\CodeIgniter->runController(Object(App\Controllers\MyTicketController))
 8 SYSTEMPATH\CodeIgniter.php(353): CodeIgniter\CodeIgniter->handleRequest(null, Object(Config\Cache), false)
 9 FCPATH\index.php(79): CodeIgniter\CodeIgniter->run()
10 SYSTEMPATH\Commands\Server\rewrite.php(47): require_once('E:\\CODING\\Laragon\\www\\voughtcinema4\\public\\index.php')
CRITICAL - 2023-11-28 14:09:55 --> Undefined array key "t_jadwaltayang"
in APPPATH\Views\ticket_list.php on line 54.
 1 APPPATH\Views\ticket_list.php(54): CodeIgniter\Debug\Exceptions->errorHandler(2, 'Undefined array key "t_jadwaltayang"', 'E:\\CODING\\Laragon\\www\\voughtcinema4\\app\\Views\\ticket_list.php', 54)
 2 SYSTEMPATH\View\View.php(226): include('E:\\CODING\\Laragon\\www\\voughtcinema4\\app\\Views\\ticket_list.php')
 3 SYSTEMPATH\View\View.php(229): CodeIgniter\View\View->CodeIgniter\View\{closure}()
 4 SYSTEMPATH\Common.php(1188): CodeIgniter\View\View->render('ticket_list', [], true)
 5 APPPATH\Controllers\MyTicketController.php(16): view('ticket_list', [...])
 6 SYSTEMPATH\CodeIgniter.php(919): App\Controllers\MyTicketController->ticket_list()
 7 SYSTEMPATH\CodeIgniter.php(494): CodeIgniter\CodeIgniter->runController(Object(App\Controllers\MyTicketController))
 8 SYSTEMPATH\CodeIgniter.php(353): CodeIgniter\CodeIgniter->handleRequest(null, Object(Config\Cache), false)
 9 FCPATH\index.php(79): CodeIgniter\CodeIgniter->run()
10 SYSTEMPATH\Commands\Server\rewrite.php(47): require_once('E:\\CODING\\Laragon\\www\\voughtcinema4\\public\\index.php')
CRITICAL - 2023-11-28 14:09:57 --> Undefined array key "t_jadwaltayang"
in APPPATH\Views\ticket_list.php on line 54.
 1 APPPATH\Views\ticket_list.php(54): CodeIgniter\Debug\Exceptions->errorHandler(2, 'Undefined array key "t_jadwaltayang"', 'E:\\CODING\\Laragon\\www\\voughtcinema4\\app\\Views\\ticket_list.php', 54)
 2 SYSTEMPATH\View\View.php(226): include('E:\\CODING\\Laragon\\www\\voughtcinema4\\app\\Views\\ticket_list.php')
 3 SYSTEMPATH\View\View.php(229): CodeIgniter\View\View->CodeIgniter\View\{closure}()
 4 SYSTEMPATH\Common.php(1188): CodeIgniter\View\View->render('ticket_list', [], true)
 5 APPPATH\Controllers\MyTicketController.php(16): view('ticket_list', [...])
 6 SYSTEMPATH\CodeIgniter.php(919): App\Controllers\MyTicketController->ticket_list()
 7 SYSTEMPATH\CodeIgniter.php(494): CodeIgniter\CodeIgniter->runController(Object(App\Controllers\MyTicketController))
 8 SYSTEMPATH\CodeIgniter.php(353): CodeIgniter\CodeIgniter->handleRequest(null, Object(Config\Cache), false)
 9 FCPATH\index.php(79): CodeIgniter\CodeIgniter->run()
10 SYSTEMPATH\Commands\Server\rewrite.php(47): require_once('E:\\CODING\\Laragon\\www\\voughtcinema4\\public\\index.php')
CRITICAL - 2023-11-28 14:10:01 --> Undefined array key "t_jadwaltayang"
in APPPATH\Views\ticket_list.php on line 54.
 1 APPPATH\Views\ticket_list.php(54): CodeIgniter\Debug\Exceptions->errorHandler(2, 'Undefined array key "t_jadwaltayang"', 'E:\\CODING\\Laragon\\www\\voughtcinema4\\app\\Views\\ticket_list.php', 54)
 2 SYSTEMPATH\View\View.php(226): include('E:\\CODING\\Laragon\\www\\voughtcinema4\\app\\Views\\ticket_list.php')
 3 SYSTEMPATH\View\View.php(229): CodeIgniter\View\View->CodeIgniter\View\{closure}()
 4 SYSTEMPATH\Common.php(1188): CodeIgniter\View\View->render('ticket_list', [], true)
 5 APPPATH\Controllers\MyTicketController.php(16): view('ticket_list', [...])
 6 SYSTEMPATH\CodeIgniter.php(919): App\Controllers\MyTicketController->ticket_list()
 7 SYSTEMPATH\CodeIgniter.php(494): CodeIgniter\CodeIgniter->runController(Object(App\Controllers\MyTicketController))
 8 SYSTEMPATH\CodeIgniter.php(353): CodeIgniter\CodeIgniter->handleRequest(null, Object(Config\Cache), false)
 9 FCPATH\index.php(79): CodeIgniter\CodeIgniter->run()
10 SYSTEMPATH\Commands\Server\rewrite.php(47): require_once('E:\\CODING\\Laragon\\www\\voughtcinema4\\public\\index.php')
